0 verbose cli C:\Program Files\nodejs\node.exe C:\Program Files\nodejs\node_modules\npm\bin\npm-cli.js
1 info using npm@10.9.3
2 info using node@v22.18.0
3 silly config load:file:C:\Program Files\nodejs\node_modules\npm\npmrc
4 silly config load:file:C:\Users\anmol\OneDrive\Desktop\Portfolio - Copy\client\.npmrc
5 silly config load:file:C:\Users\anmol\.npmrc
6 silly config load:file:C:\Users\anmol\AppData\Roaming\npm\etc\npmrc
7 verbose title npm install
8 verbose argv "install" "--cache" ".npm-cache"
9 verbose logfile logs-max:10 dir:C:\Users\anmol\OneDrive\Desktop\Portfolio - Copy\client\.npm-cache\_logs\2026-03-22T07_39_45_196Z-
10 verbose logfile C:\Users\anmol\OneDrive\Desktop\Portfolio - Copy\client\.npm-cache\_logs\2026-03-22T07_39_45_196Z-debug-0.log
11 silly logfile done cleaning log files
12 silly packumentCache heap:2197815296 maxSize:549453824 maxEntrySize:274726912
13 silly idealTree buildDeps
14 silly fetch manifest react@^19.0.0
15 silly packumentCache full:https://registry.npmjs.org/react cache-miss
16 http cache https://registry.npmjs.org/react 186ms (cache hit)
17 silly packumentCache full:https://registry.npmjs.org/react set size:6555426 disposed:false
18 silly fetch manifest react-dom@^19.0.0
19 silly packumentCache full:https://registry.npmjs.org/react-dom cache-miss
20 http cache https://registry.npmjs.org/react-dom 126ms (cache hit)
21 silly packumentCache full:https://registry.npmjs.org/react-dom set size:8705519 disposed:false
22 silly fetch manifest react-icons@^5.4.0
23 silly packumentCache full:https://registry.npmjs.org/react-icons cache-miss
24 http cache https://registry.npmjs.org/react-icons 68ms (cache hit)
25 silly packumentCache full:https://registry.npmjs.org/react-icons set size:269270 disposed:false
26 silly fetch manifest @vitejs/plugin-react@^4.4.1
27 silly packumentCache full:https://registry.npmjs.org/@vitejs%2fplugin-react cache-miss
28 http cache https://registry.npmjs.org/@vitejs%2fplugin-react 36ms (cache hit)
29 silly packumentCache full:https://registry.npmjs.org/@vitejs%2fplugin-react set size:264287 disposed:false
30 silly fetch manifest vite@^6.1.0
31 silly packumentCache full:https://registry.npmjs.org/vite cache-miss
32 http cache https://registry.npmjs.org/vite 329ms (cache hit)
33 silly packumentCache full:https://registry.npmjs.org/vite set size:38757149 disposed:false
34 silly fetch manifest @types/node@^18.0.0 || ^20.0.0 || >=22.0.0
35 silly packumentCache full:https://registry.npmjs.org/@types%2fnode cache-miss
36 http cache https://registry.npmjs.org/@types%2fnode 92ms (cache hit)
37 silly packumentCache full:https://registry.npmjs.org/@types%2fnode set size:10939971 disposed:false
38 silly fetch manifest jiti@>=1.21.0
39 silly packumentCache full:https://registry.npmjs.org/jiti cache-miss
40 http cache https://registry.npmjs.org/jiti 147ms (cache hit)
41 silly packumentCache full:https://registry.npmjs.org/jiti set size:382310 disposed:false
42 silly fetch manifest less@*
43 silly packumentCache full:https://registry.npmjs.org/less cache-miss
44 http cache https://registry.npmjs.org/less 27ms (cache hit)
45 silly packumentCache full:https://registry.npmjs.org/less set size:461684 disposed:false
46 silly fetch manifest lightningcss@^1.21.0
47 silly packumentCache full:https://registry.npmjs.org/lightningcss cache-miss
48 http cache https://registry.npmjs.org/lightningcss 26ms (cache hit)
49 silly packumentCache full:https://registry.npmjs.org/lightningcss set size:186753 disposed:false
50 silly fetch manifest sass@*
51 silly packumentCache full:https://registry.npmjs.org/sass cache-miss
52 http cache https://registry.npmjs.org/sass 30ms (cache hit)
53 silly packumentCache full:https://registry.npmjs.org/sass set size:724154 disposed:false
54 silly fetch manifest sass-embedded@*
55 silly packumentCache full:https://registry.npmjs.org/sass-embedded cache-miss
56 http cache https://registry.npmjs.org/sass-embedded 20ms (cache hit)
57 silly packumentCache full:https://registry.npmjs.org/sass-embedded set size:411496 disposed:false
58 silly fetch manifest stylus@*
59 silly packumentCache full:https://registry.npmjs.org/stylus cache-miss
60 http cache https://registry.npmjs.org/stylus 23ms (cache hit)
61 silly packumentCache full:https://registry.npmjs.org/stylus set size:286766 disposed:false
62 silly fetch manifest sugarss@*
63 silly packumentCache full:https://registry.npmjs.org/sugarss cache-miss
64 http cache https://registry.npmjs.org/sugarss 17ms (cache hit)
65 silly packumentCache full:https://registry.npmjs.org/sugarss set size:44975 disposed:false
66 silly fetch manifest postcss@^8.3.3
67 silly packumentCache full:https://registry.npmjs.org/postcss cache-miss
68 http cache https://registry.npmjs.org/postcss 26ms (cache hit)
69 silly packumentCache full:https://registry.npmjs.org/postcss set size:702266 disposed:false
70 silly fetch manifest terser@^5.16.0
71 silly packumentCache full:https://registry.npmjs.org/terser cache-miss
72 http cache https://registry.npmjs.org/terser 42ms (cache hit)
73 silly packumentCache full:https://registry.npmjs.org/terser set size:789927 disposed:false
74 silly fetch manifest tsx@^4.8.1
75 silly packumentCache full:https://registry.npmjs.org/tsx cache-miss
76 http cache https://registry.npmjs.org/tsx 21ms (cache hit)
77 silly packumentCache full:https://registry.npmjs.org/tsx set size:289592 disposed:false
78 silly fetch manifest yaml@^2.4.2
79 silly packumentCache full:https://registry.npmjs.org/yaml cache-miss
80 http cache https://registry.npmjs.org/yaml 23ms (cache hit)
81 silly packumentCache full:https://registry.npmjs.org/yaml set size:375230 disposed:false
82 silly placeDep ROOT @vitejs/plugin-react@4.7.0 OK for: portfolio-client@1.0.0 want: ^4.4.1
83 silly placeDep ROOT vite@6.4.1 OK for: @vitejs/plugin-react@4.7.0 want: ^4.2.0 || ^5.0.0 || ^6.0.0 || ^7.0.0
84 silly placeDep ROOT react@19.2.4 OK for: portfolio-client@1.0.0 want: ^19.0.0
85 silly placeDep ROOT react-dom@19.2.4 OK for: portfolio-client@1.0.0 want: ^19.0.0
86 silly placeDep ROOT react-icons@5.6.0 OK for: portfolio-client@1.0.0 want: ^5.4.0
87 silly fetch manifest @babel/core@^7.28.0
88 silly packumentCache full:https://registry.npmjs.org/@babel%2fcore cache-miss
89 silly fetch manifest react-refresh@^0.17.0
90 silly packumentCache full:https://registry.npmjs.org/react-refresh cache-miss
91 silly fetch manifest @types/babel__core@^7.20.5
92 silly packumentCache full:https://registry.npmjs.org/@types%2fbabel__core cache-miss
93 http cache https://registry.npmjs.org/@types%2fbabel__core 100ms (cache hit)
94 silly packumentCache full:https://registry.npmjs.org/@types%2fbabel__core set size:88676 disposed:false
95 silly fetch manifest @rolldown/pluginutils@1.0.0-beta.27
96 silly packumentCache full:https://registry.npmjs.org/@rolldown%2fpluginutils cache-miss
97 http cache https://registry.npmjs.org/@babel%2fcore 114ms (cache hit)
98 silly packumentCache full:https://registry.npmjs.org/@babel%2fcore set size:760113 disposed:false
99 silly fetch manifest @babel/plugin-transform-react-jsx-self@^7.27.1
100 silly packumentCache full:https://registry.npmjs.org/@babel%2fplugin-transform-react-jsx-self cache-miss
101 http cache https://registry.npmjs.org/react-refresh 168ms (cache hit)
102 silly packumentCache full:https://registry.npmjs.org/react-refresh set size:6251905 disposed:false
103 silly fetch manifest @babel/plugin-transform-react-jsx-source@^7.27.1
104 silly packumentCache full:https://registry.npmjs.org/@babel%2fplugin-transform-react-jsx-source cache-miss
105 http cache https://registry.npmjs.org/@babel%2fplugin-transform-react-jsx-source 25ms (cache hit)
106 silly packumentCache full:https://registry.npmjs.org/@babel%2fplugin-transform-react-jsx-source set size:203114 disposed:false
107 silly fetch manifest fdir@^6.4.4
108 silly packumentCache full:https://registry.npmjs.org/fdir cache-miss
109 http cache https://registry.npmjs.org/@rolldown%2fpluginutils 372ms (cache hit)
110 silly packumentCache full:https://registry.npmjs.org/@rolldown%2fpluginutils set size:271917 disposed:false
111 silly fetch manifest rollup@^4.34.9
112 silly packumentCache full:https://registry.npmjs.org/rollup cache-miss
113 http cache https://registry.npmjs.org/@babel%2fplugin-transform-react-jsx-self 427ms (cache hit)
114 silly packumentCache full:https://registry.npmjs.org/@babel%2fplugin-transform-react-jsx-self set size:198119 disposed:false
115 silly fetch manifest esbuild@^0.25.0
116 silly packumentCache full:https://registry.npmjs.org/esbuild cache-miss
117 http cache https://registry.npmjs.org/fdir 325ms (cache hit)
118 silly packumentCache full:https://registry.npmjs.org/fdir set size:136182 disposed:false
119 silly fetch manifest postcss@^8.5.3
120 silly packumentCache full:https://registry.npmjs.org/postcss cache-hit
121 silly fetch manifest picomatch@^4.0.2
122 silly packumentCache full:https://registry.npmjs.org/picomatch cache-miss
123 http cache https://registry.npmjs.org/rollup 323ms (cache hit)
124 silly packumentCache full:https://registry.npmjs.org/rollup set size:6146122 disposed:false
125 silly fetch manifest tinyglobby@^0.2.13
126 silly packumentCache full:https://registry.npmjs.org/tinyglobby cache-miss
127 http cache https://registry.npmjs.org/esbuild 543ms (cache hit)
128 silly packumentCache full:https://registry.npmjs.org/esbuild set size:1244751 disposed:false
129 silly fetch manifest fsevents@~2.3.3
130 silly packumentCache full:https://registry.npmjs.org/fsevents cache-miss
131 http cache https://registry.npmjs.org/picomatch 434ms (cache hit)
132 silly packumentCache full:https://registry.npmjs.org/picomatch set size:118818 disposed:false
133 silly fetch manifest scheduler@^0.27.0
134 silly packumentCache full:https://registry.npmjs.org/scheduler cache-miss
135 http cache https://registry.npmjs.org/tinyglobby 147ms (cache hit)
136 silly packumentCache full:https://registry.npmjs.org/tinyglobby set size:49812 disposed:false
137 http cache https://registry.npmjs.org/fsevents 98ms (cache hit)
138 silly packumentCache full:https://registry.npmjs.org/fsevents set size:182472 disposed:false
139 http cache https://registry.npmjs.org/scheduler 70ms (cache hit)
140 silly packumentCache full:https://registry.npmjs.org/scheduler set size:5439752 disposed:false
141 silly placeDep ROOT @babel/core@7.29.0 OK for: @vitejs/plugin-react@4.7.0 want: ^7.28.0
142 silly placeDep ROOT @babel/plugin-transform-react-jsx-self@7.27.1 OK for: @vitejs/plugin-react@4.7.0 want: ^7.27.1
143 silly placeDep ROOT @babel/plugin-transform-react-jsx-source@7.27.1 OK for: @vitejs/plugin-react@4.7.0 want: ^7.27.1
144 silly placeDep ROOT @rolldown/pluginutils@1.0.0-beta.27 OK for: @vitejs/plugin-react@4.7.0 want: 1.0.0-beta.27
145 silly placeDep ROOT @types/babel__core@7.20.5 OK for: @vitejs/plugin-react@4.7.0 want: ^7.20.5
146 silly placeDep ROOT react-refresh@0.17.0 OK for: @vitejs/plugin-react@4.7.0 want: ^0.17.0
147 silly fetch manifest debug@^4.1.0
148 silly packumentCache full:https://registry.npmjs.org/debug cache-miss
149 silly fetch manifest json5@^2.2.3
150 silly packumentCache full:https://registry.npmjs.org/json5 cache-miss
151 silly fetch manifest semver@^6.3.1
152 silly packumentCache full:https://registry.npmjs.org/semver cache-miss
153 http cache https://registry.npmjs.org/semver 46ms (cache hit)
154 silly packumentCache full:https://registry.npmjs.org/semver set size:229620 disposed:false
155 silly fetch manifest gensync@^1.0.0-beta.2
156 silly packumentCache full:https://registry.npmjs.org/gensync cache-miss
157 http cache https://registry.npmjs.org/debug 62ms (cache hit)
158 silly packumentCache full:https://registry.npmjs.org/debug set size:195840 disposed:false
159 silly fetch manifest @babel/types@^7.29.0
160 silly packumentCache full:https://registry.npmjs.org/@babel%2ftypes cache-miss
161 http cache https://registry.npmjs.org/json5 71ms (cache hit)
162 silly packumentCache full:https://registry.npmjs.org/json5 set size:86136 disposed:false
163 silly fetch manifest @babel/parser@^7.29.0
164 silly packumentCache full:https://registry.npmjs.org/@babel%2fparser cache-miss
165 http cache https://registry.npmjs.org/gensync 57ms (cache hit)
166 silly packumentCache full:https://registry.npmjs.org/gensync set size:15068 disposed:false
167 silly fetch manifest @babel/helpers@^7.28.6
168 silly packumentCache full:https://registry.npmjs.org/@babel%2fhelpers cache-miss
169 http cache https://registry.npmjs.org/@babel%2ftypes 56ms (cache hit)
170 silly packumentCache full:https://registry.npmjs.org/@babel%2ftypes set size:487885 disposed:false
171 silly fetch manifest @babel/template@^7.28.6
172 silly packumentCache full:https://registry.npmjs.org/@babel%2ftemplate cache-miss
173 http cache https://registry.npmjs.org/@babel%2fparser 68ms (cache hit)
174 silly packumentCache full:https://registry.npmjs.org/@babel%2fparser set size:718758 disposed:false
175 silly fetch manifest @babel/traverse@^7.29.0
176 silly packumentCache full:https://registry.npmjs.org/@babel%2ftraverse cache-miss
177 http cache https://registry.npmjs.org/@babel%2fhelpers 106ms (cache hit)
178 silly packumentCache full:https://registry.npmjs.org/@babel%2fhelpers set size:388224 disposed:false
179 silly fetch manifest @babel/generator@^7.29.0
180 silly packumentCache full:https://registry.npmjs.org/@babel%2fgenerator cache-miss
181 http cache https://registry.npmjs.org/@babel%2ftemplate 102ms (cache hit)
182 silly packumentCache full:https://registry.npmjs.org/@babel%2ftemplate set size:227169 disposed:false
183 silly fetch manifest @babel/code-frame@^7.29.0
184 silly packumentCache full:https://registry.npmjs.org/@babel%2fcode-frame cache-miss
185 http cache https://registry.npmjs.org/@babel%2ftraverse 90ms (cache hit)
186 silly packumentCache full:https://registry.npmjs.org/@babel%2ftraverse set size:548722 disposed:false
187 silly fetch manifest convert-source-map@^2.0.0
188 silly packumentCache full:https://registry.npmjs.org/convert-source-map cache-miss
189 http cache https://registry.npmjs.org/@babel%2fgenerator 225ms (cache hit)
190 silly packumentCache full:https://registry.npmjs.org/@babel%2fgenerator set size:507107 disposed:false
191 silly fetch manifest @jridgewell/remapping@^2.3.5
192 silly packumentCache full:https://registry.npmjs.org/@jridgewell%2fremapping cache-miss
193 http cache https://registry.npmjs.org/@babel%2fcode-frame 387ms (cache hit)
194 silly packumentCache full:https://registry.npmjs.org/@babel%2fcode-frame set size:196196 disposed:false
195 silly fetch manifest @babel/helper-module-transforms@^7.28.6
196 silly packumentCache full:https://registry.npmjs.org/@babel%2fhelper-module-transforms cache-miss
197 http cache https://registry.npmjs.org/convert-source-map 381ms (cache hit)
198 silly packumentCache full:https://registry.npmjs.org/convert-source-map set size:66997 disposed:false
199 silly fetch manifest @babel/helper-compilation-targets@^7.28.6
200 silly packumentCache full:https://registry.npmjs.org/@babel%2fhelper-compilation-targets cache-miss
201 http cache https://registry.npmjs.org/@jridgewell%2fremapping 212ms (cache hit)
202 silly packumentCache full:https://registry.npmjs.org/@jridgewell%2fremapping set size:23809 disposed:false
203 silly fetch manifest @babel/helper-plugin-utils@^7.27.1
204 silly packumentCache full:https://registry.npmjs.org/@babel%2fhelper-plugin-utils cache-miss
205 http cache https://registry.npmjs.org/@babel%2fhelper-module-transforms 73ms (cache hit)
206 silly packumentCache full:https://registry.npmjs.org/@babel%2fhelper-module-transforms set size:333553 disposed:false
207 silly fetch manifest @babel/helper-plugin-utils@^7.27.1
208 silly packumentCache full:https://registry.npmjs.org/@babel%2fhelper-plugin-utils cache-miss
209 http cache https://registry.npmjs.org/@babel%2fhelper-compilation-targets 80ms (cache hit)
210 silly packumentCache full:https://registry.npmjs.org/@babel%2fhelper-compilation-targets set size:218757 disposed:false
211 silly fetch manifest @babel/types@^7.20.7
212 silly packumentCache full:https://registry.npmjs.org/@babel%2ftypes cache-hit
213 silly fetch manifest @babel/parser@^7.20.7
214 silly packumentCache full:https://registry.npmjs.org/@babel%2fparser cache-hit
215 silly fetch manifest @types/babel__template@*
216 silly packumentCache full:https://registry.npmjs.org/@types%2fbabel__template cache-miss
217 http cache https://registry.npmjs.org/@babel%2fhelper-plugin-utils 67ms (cache hit)
218 silly packumentCache full:https://registry.npmjs.org/@babel%2fhelper-plugin-utils set size:163951 disposed:false
219 silly fetch manifest @types/babel__traverse@*
220 silly packumentCache full:https://registry.npmjs.org/@types%2fbabel__traverse cache-miss
221 http cache https://registry.npmjs.org/@babel%2fhelper-plugin-utils 57ms (cache hit)
222 silly packumentCache full:https://registry.npmjs.org/@babel%2fhelper-plugin-utils set size:163951 disposed:false
223 silly packumentCache full:https://registry.npmjs.org/@babel%2fhelper-plugin-utils dispose
224 silly fetch manifest @types/babel__generator@*
225 silly packumentCache full:https://registry.npmjs.org/@types%2fbabel__generator cache-miss
226 http cache https://registry.npmjs.org/@types%2fbabel__template 52ms (cache hit)
227 silly packumentCache full:https://registry.npmjs.org/@types%2fbabel__template set size:22631 disposed:false
228 http cache https://registry.npmjs.org/@types%2fbabel__generator 25ms (cache hit)
229 silly packumentCache full:https://registry.npmjs.org/@types%2fbabel__generator set size:31587 disposed:false
230 http cache https://registry.npmjs.org/@types%2fbabel__traverse 38ms (cache hit)
231 silly packumentCache full:https://registry.npmjs.org/@types%2fbabel__traverse set size:107819 disposed:false
232 silly fetch manifest @babel/core@^7.0.0
233 silly packumentCache full:https://registry.npmjs.org/@babel%2fcore cache-hit
234 silly placeDep ROOT @babel/code-frame@7.29.0 OK for: @babel/core@7.29.0 want: ^7.29.0
235 silly placeDep ROOT @babel/generator@7.29.1 OK for: @babel/core@7.29.0 want: ^7.29.0
236 silly placeDep ROOT @babel/helper-compilation-targets@7.28.6 OK for: @babel/core@7.29.0 want: ^7.28.6
237 silly placeDep ROOT @babel/helper-module-transforms@7.28.6 OK for: @babel/core@7.29.0 want: ^7.28.6
238 silly placeDep ROOT @babel/helpers@7.29.2 OK for: @babel/core@7.29.0 want: ^7.28.6
239 silly placeDep ROOT @babel/parser@7.29.2 OK for: @babel/core@7.29.0 want: ^7.29.0
240 silly placeDep ROOT @babel/template@7.28.6 OK for: @babel/core@7.29.0 want: ^7.28.6
241 silly placeDep ROOT @babel/traverse@7.29.0 OK for: @babel/core@7.29.0 want: ^7.29.0
242 silly placeDep ROOT @babel/types@7.29.0 OK for: @babel/core@7.29.0 want: ^7.29.0
243 silly placeDep ROOT @jridgewell/remapping@2.3.5 OK for: @babel/core@7.29.0 want: ^2.3.5
244 silly placeDep ROOT convert-source-map@2.0.0 OK for: @babel/core@7.29.0 want: ^2.0.0
245 silly placeDep ROOT debug@4.4.3 OK for: @babel/core@7.29.0 want: ^4.1.0
246 silly placeDep ROOT gensync@1.0.0-beta.2 OK for: @babel/core@7.29.0 want: ^1.0.0-beta.2
247 silly placeDep ROOT json5@2.2.3 OK for: @babel/core@7.29.0 want: ^2.2.3
248 silly placeDep ROOT semver@6.3.1 OK for: @babel/core@7.29.0 want: ^6.3.1
249 silly fetch manifest js-tokens@^4.0.0
250 silly packumentCache full:https://registry.npmjs.org/js-tokens cache-miss
251 silly fetch manifest picocolors@^1.1.1
252 silly packumentCache full:https://registry.npmjs.org/picocolors cache-miss
253 silly fetch manifest @babel/helper-validator-identifier@^7.28.5
254 silly packumentCache full:https://registry.npmjs.org/@babel%2fhelper-validator-identifier cache-miss
255 http cache https://registry.npmjs.org/js-tokens 54ms (cache hit)
256 silly packumentCache full:https://registry.npmjs.org/js-tokens set size:41947 disposed:false
257 silly fetch manifest jsesc@^3.0.2
258 silly packumentCache full:https://registry.npmjs.org/jsesc cache-miss
259 http cache https://registry.npmjs.org/@babel%2fhelper-validator-identifier 62ms (cache hit)
260 silly packumentCache full:https://registry.npmjs.org/@babel%2fhelper-validator-identifier set size:116299 disposed:false
261 silly fetch manifest @jridgewell/gen-mapping@^0.3.12
262 silly packumentCache full:https://registry.npmjs.org/@jridgewell%2fgen-mapping cache-miss
263 http cache https://registry.npmjs.org/picocolors 72ms (cache hit)
264 silly packumentCache full:https://registry.npmjs.org/picocolors set size:16648 disposed:false
265 silly fetch manifest @jridgewell/trace-mapping@^0.3.28
266 silly packumentCache full:https://registry.npmjs.org/@jridgewell%2ftrace-mapping cache-miss
267 http cache https://registry.npmjs.org/jsesc 68ms (cache hit)
268 silly packumentCache full:https://registry.npmjs.org/jsesc set size:61512 disposed:false
269 silly fetch manifest lru-cache@^5.1.1
270 silly packumentCache full:https://registry.npmjs.org/lru-cache cache-miss
271 http cache https://registry.npmjs.org/@jridgewell%2ftrace-mapping 58ms (cache hit)
272 silly packumentCache full:https://registry.npmjs.org/@jridgewell%2ftrace-mapping set size:170909 disposed:false
273 silly fetch manifest browserslist@^4.24.0
274 silly packumentCache full:https://registry.npmjs.org/browserslist cache-miss
275 http cache https://registry.npmjs.org/@jridgewell%2fgen-mapping 71ms (cache hit)
276 silly packumentCache full:https://registry.npmjs.org/@jridgewell%2fgen-mapping set size:80719 disposed:false
277 silly fetch manifest @babel/compat-data@^7.28.6
278 silly packumentCache full:https://registry.npmjs.org/@babel%2fcompat-data cache-miss
279 http cache https://registry.npmjs.org/lru-cache 56ms (cache hit)
280 silly packumentCache full:https://registry.npmjs.org/lru-cache set size:416454 disposed:false
281 silly fetch manifest @babel/helper-validator-option@^7.27.1
282 silly packumentCache full:https://registry.npmjs.org/@babel%2fhelper-validator-option cache-miss
283 http cache https://registry.npmjs.org/browserslist 80ms (cache hit)
284 silly packumentCache full:https://registry.npmjs.org/browserslist set size:502989 disposed:false
285 silly fetch manifest @babel/traverse@^7.28.6
286 silly packumentCache full:https://registry.npmjs.org/@babel%2ftraverse cache-hit
287 silly fetch manifest @babel/helper-module-imports@^7.28.6
288 silly packumentCache full:https://registry.npmjs.org/@babel%2fhelper-module-imports cache-miss
289 http cache https://registry.npmjs.org/@babel%2fcompat-data 106ms (cache hit)
290 silly packumentCache full:https://registry.npmjs.org/@babel%2fcompat-data set size:305632 disposed:false
291 silly fetch manifest @babel/types@^7.28.6
292 silly packumentCache full:https://registry.npmjs.org/@babel%2ftypes cache-hit
293 silly fetch manifest debug@^4.3.1
294 silly packumentCache full:https://registry.npmjs.org/debug cache-hit
295 silly fetch manifest @babel/helper-globals@^7.28.0
296 silly packumentCache full:https://registry.npmjs.org/@babel%2fhelper-globals cache-miss
297 http cache https://registry.npmjs.org/@babel%2fhelper-module-imports 69ms (cache hit)
298 silly packumentCache full:https://registry.npmjs.org/@babel%2fhelper-module-imports set size:193449 disposed:false
299 silly fetch manifest @babel/helper-string-parser@^7.27.1
300 silly packumentCache full:https://registry.npmjs.org/@babel%2fhelper-string-parser cache-miss
301 http cache https://registry.npmjs.org/@babel%2fhelper-validator-option 126ms (cache hit)
302 silly packumentCache full:https://registry.npmjs.org/@babel%2fhelper-validator-option set size:92248 disposed:false
303 silly fetch manifest @jridgewell/gen-mapping@^0.3.5
304 silly packumentCache full:https://registry.npmjs.org/@jridgewell%2fgen-mapping cache-hit
305 silly fetch manifest @jridgewell/trace-mapping@^0.3.24
306 silly packumentCache full:https://registry.npmjs.org/@jridgewell%2ftrace-mapping cache-hit
307 silly fetch manifest ms@^2.1.3
308 silly packumentCache full:https://registry.npmjs.org/ms cache-miss
309 http cache https://registry.npmjs.org/@babel%2fhelper-globals 109ms (cache hit)
310 silly packumentCache full:https://registry.npmjs.org/@babel%2fhelper-globals set size:15475 disposed:false
311 http cache https://registry.npmjs.org/ms 86ms (cache hit)
312 silly packumentCache full:https://registry.npmjs.org/ms set size:92208 disposed:false
313 http cache https://registry.npmjs.org/@babel%2fhelper-string-parser 128ms (cache hit)
314 silly packumentCache full:https://registry.npmjs.org/@babel%2fhelper-string-parser set size:82028 disposed:false
315 silly placeDep ROOT @babel/helper-validator-identifier@7.28.5 OK for: @babel/code-frame@7.29.0 want: ^7.28.5
316 silly placeDep ROOT js-tokens@4.0.0 OK for: @babel/code-frame@7.29.0 want: ^4.0.0
317 silly placeDep ROOT picocolors@1.1.1 OK for: @babel/code-frame@7.29.0 want: ^1.1.1
318 silly placeDep ROOT @jridgewell/gen-mapping@0.3.13 OK for: @babel/generator@7.29.1 want: ^0.3.12
319 silly placeDep ROOT @jridgewell/trace-mapping@0.3.31 OK for: @babel/generator@7.29.1 want: ^0.3.28
320 silly placeDep ROOT jsesc@3.1.0 OK for: @babel/generator@7.29.1 want: ^3.0.2
321 silly fetch manifest @jridgewell/sourcemap-codec@^1.5.0
322 silly packumentCache full:https://registry.npmjs.org/@jridgewell%2fsourcemap-codec cache-miss
323 silly fetch manifest @jridgewell/resolve-uri@^3.1.0
324 silly packumentCache full:https://registry.npmjs.org/@jridgewell%2fresolve-uri cache-miss
325 silly fetch manifest @jridgewell/sourcemap-codec@^1.4.14
326 silly packumentCache full:https://registry.npmjs.org/@jridgewell%2fsourcemap-codec cache-miss
327 http cache https://registry.npmjs.org/@jridgewell%2fresolve-uri 100ms (cache hit)
328 silly packumentCache full:https://registry.npmjs.org/@jridgewell%2fresolve-uri set size:57361 disposed:false
329 http cache https://registry.npmjs.org/@jridgewell%2fsourcemap-codec 107ms (cache hit)
330 silly packumentCache full:https://registry.npmjs.org/@jridgewell%2fsourcemap-codec set size:59275 disposed:false
331 http cache https://registry.npmjs.org/@jridgewell%2fsourcemap-codec 108ms (cache hit)
332 silly packumentCache full:https://registry.npmjs.org/@jridgewell%2fsourcemap-codec set size:59275 disposed:false
333 silly packumentCache full:https://registry.npmjs.org/@jridgewell%2fsourcemap-codec dispose
334 silly placeDep ROOT @babel/compat-data@7.29.0 OK for: @babel/helper-compilation-targets@7.28.6 want: ^7.28.6
335 silly placeDep ROOT @babel/helper-validator-option@7.27.1 OK for: @babel/helper-compilation-targets@7.28.6 want: ^7.27.1
336 silly placeDep ROOT browserslist@4.28.1 OK for: @babel/helper-compilation-targets@7.28.6 want: ^4.24.0
337 silly placeDep ROOT lru-cache@5.1.1 OK for: @babel/helper-compilation-targets@7.28.6 want: ^5.1.1
338 silly fetch manifest baseline-browser-mapping@^2.9.0
339 silly packumentCache full:https://registry.npmjs.org/baseline-browser-mapping cache-miss
340 silly fetch manifest caniuse-lite@^1.0.30001759
341 silly packumentCache full:https://registry.npmjs.org/caniuse-lite cache-miss
342 silly fetch manifest electron-to-chromium@^1.5.263
343 silly packumentCache full:https://registry.npmjs.org/electron-to-chromium cache-miss
344 http cache https://registry.npmjs.org/baseline-browser-mapping 93ms (cache hit)
345 silly packumentCache full:https://registry.npmjs.org/baseline-browser-mapping set size:409317 disposed:false
346 silly fetch manifest node-releases@^2.0.27
347 silly packumentCache full:https://registry.npmjs.org/node-releases cache-miss
348 http cache https://registry.npmjs.org/caniuse-lite 118ms (cache hit)
349 silly packumentCache full:https://registry.npmjs.org/caniuse-lite set size:2270921 disposed:false
350 silly fetch manifest update-browserslist-db@^1.2.0
351 silly packumentCache full:https://registry.npmjs.org/update-browserslist-db cache-miss
352 http cache https://registry.npmjs.org/electron-to-chromium 187ms (cache hit)
353 silly packumentCache full:https://registry.npmjs.org/electron-to-chromium set size:4725342 disposed:false
354 silly fetch manifest yallist@^3.0.2
355 silly packumentCache full:https://registry.npmjs.org/yallist cache-miss
356 http cache https://registry.npmjs.org/node-releases 412ms (cache hit)
357 silly packumentCache full:https://registry.npmjs.org/node-releases set size:270656 disposed:false
358 http cache https://registry.npmjs.org/update-browserslist-db 362ms (cache hit)
359 silly packumentCache full:https://registry.npmjs.org/update-browserslist-db set size:62000 disposed:false
360 http cache https://registry.npmjs.org/yallist 59ms (cache hit)
361 silly packumentCache full:https://registry.npmjs.org/yallist set size:34610 disposed:false
362 silly placeDep ROOT @babel/helper-module-imports@7.28.6 OK for: @babel/helper-module-transforms@7.28.6 want: ^7.28.6
363 silly placeDep ROOT @babel/helper-plugin-utils@7.28.6 OK for: @babel/plugin-transform-react-jsx-self@7.27.1 want: ^7.27.1
364 silly placeDep ROOT @babel/helper-globals@7.28.0 OK for: @babel/traverse@7.29.0 want: ^7.28.0
365 silly placeDep ROOT @babel/helper-string-parser@7.27.1 OK for: @babel/types@7.29.0 want: ^7.27.1
366 silly placeDep ROOT @jridgewell/sourcemap-codec@1.5.5 OK for: @jridgewell/gen-mapping@0.3.13 want: ^1.5.0
367 silly placeDep ROOT @jridgewell/resolve-uri@3.1.2 OK for: @jridgewell/trace-mapping@0.3.31 want: ^3.1.0
368 silly placeDep ROOT @types/babel__generator@7.27.0 OK for: @types/babel__core@7.20.5 want: *
369 silly placeDep ROOT @types/babel__template@7.4.4 OK for: @types/babel__core@7.20.5 want: *
370 silly placeDep ROOT @types/babel__traverse@7.28.0 OK for: @types/babel__core@7.20.5 want: *
371 silly fetch manifest browserslist@>= 4.21.0
372 silly packumentCache full:https://registry.npmjs.org/browserslist cache-hit
373 silly placeDep ROOT baseline-browser-mapping@2.10.10 OK for: browserslist@4.28.1 want: ^2.9.0
374 silly placeDep ROOT caniuse-lite@1.0.30001780 OK for: browserslist@4.28.1 want: ^1.0.30001759
375 silly placeDep ROOT electron-to-chromium@1.5.321 OK for: browserslist@4.28.1 want: ^1.5.263
376 silly placeDep ROOT node-releases@2.0.36 OK for: browserslist@4.28.1 want: ^2.0.27
377 silly placeDep ROOT update-browserslist-db@1.2.3 OK for: browserslist@4.28.1 want: ^1.2.0
378 silly fetch manifest escalade@^3.2.0
379 silly packumentCache full:https://registry.npmjs.org/escalade cache-miss
380 http cache https://registry.npmjs.org/escalade 37ms (cache hit)
381 silly packumentCache full:https://registry.npmjs.org/escalade set size:33724 disposed:false
382 silly placeDep ROOT ms@2.1.3 OK for: debug@4.4.3 want: ^2.1.3
383 silly placeDep ROOT yallist@3.1.1 OK for: lru-cache@5.1.1 want: ^3.0.2
384 silly placeDep ROOT scheduler@0.27.0 OK for: react-dom@19.2.4 want: ^0.27.0
385 silly placeDep ROOT escalade@3.2.0 OK for: update-browserslist-db@1.2.3 want: ^3.2.0
386 silly placeDep ROOT esbuild@0.25.12 OK for: vite@6.4.1 want: ^0.25.0
387 silly placeDep ROOT fdir@6.5.0 OK for: vite@6.4.1 want: ^6.4.4
388 silly placeDep ROOT fsevents@2.3.3 OK for: vite@6.4.1 want: ~2.3.3
389 silly placeDep ROOT picomatch@4.0.3 OK for: vite@6.4.1 want: ^4.0.2
390 silly placeDep ROOT postcss@8.5.8 OK for: vite@6.4.1 want: ^8.5.3
391 silly placeDep ROOT rollup@4.60.0 OK for: vite@6.4.1 want: ^4.34.9
392 silly placeDep ROOT tinyglobby@0.2.15 OK for: vite@6.4.1 want: ^0.2.13
393 silly fetch manifest @esbuild/aix-ppc64@0.25.12
394 silly packumentCache full:https://registry.npmjs.org/@esbuild%2faix-ppc64 cache-miss
395 silly fetch manifest @esbuild/linux-arm@0.25.12
396 silly packumentCache full:https://registry.npmjs.org/@esbuild%2flinux-arm cache-miss
397 silly fetch manifest @esbuild/linux-x64@0.25.12
398 silly packumentCache full:https://registry.npmjs.org/@esbuild%2flinux-x64 cache-miss
399 http cache https://registry.npmjs.org/@esbuild%2faix-ppc64 216ms (cache hit)
400 silly packumentCache full:https://registry.npmjs.org/@esbuild%2faix-ppc64 set size:57686 disposed:false
401 silly fetch manifest @esbuild/sunos-x64@0.25.12
402 silly packumentCache full:https://registry.npmjs.org/@esbuild%2fsunos-x64 cache-miss
403 http cache https://registry.npmjs.org/@esbuild%2flinux-arm 220ms (cache hit)
404 silly packumentCache full:https://registry.npmjs.org/@esbuild%2flinux-arm set size:188561 disposed:false
405 silly fetch manifest @esbuild/win32-x64@0.25.12
406 silly packumentCache full:https://registry.npmjs.org/@esbuild%2fwin32-x64 cache-miss
407 http cache https://registry.npmjs.org/@esbuild%2flinux-x64 228ms (cache hit)
408 silly packumentCache full:https://registry.npmjs.org/@esbuild%2flinux-x64 set size:188891 disposed:false
409 silly fetch manifest @esbuild/darwin-x64@0.25.12
410 silly packumentCache full:https://registry.npmjs.org/@esbuild%2fdarwin-x64 cache-miss
411 http cache https://registry.npmjs.org/@esbuild%2fsunos-x64 57ms (cache hit)
412 silly packumentCache full:https://registry.npmjs.org/@esbuild%2fsunos-x64 set size:189123 disposed:false
413 silly fetch manifest @esbuild/linux-ia32@0.25.12
414 silly packumentCache full:https://registry.npmjs.org/@esbuild%2flinux-ia32 cache-miss
415 http cache https://registry.npmjs.org/@esbuild%2fdarwin-x64 53ms (cache hit)
416 silly packumentCache full:https://registry.npmjs.org/@esbuild%2fdarwin-x64 set size:189577 disposed:false
417 silly fetch manifest @esbuild/netbsd-x64@0.25.12
418 silly packumentCache full:https://registry.npmjs.org/@esbuild%2fnetbsd-x64 cache-miss
419 http cache https://registry.npmjs.org/@esbuild%2fwin32-x64 70ms (cache hit)
420 silly packumentCache full:https://registry.npmjs.org/@esbuild%2fwin32-x64 set size:189125 disposed:false
421 silly fetch manifest @esbuild/win32-ia32@0.25.12
422 silly packumentCache full:https://registry.npmjs.org/@esbuild%2fwin32-ia32 cache-miss
423 http cache https://registry.npmjs.org/@esbuild%2flinux-ia32 67ms (cache hit)
424 silly packumentCache full:https://registry.npmjs.org/@esbuild%2flinux-ia32 set size:189532 disposed:false
425 silly fetch manifest @esbuild/android-arm@0.25.12
426 silly packumentCache full:https://registry.npmjs.org/@esbuild%2fandroid-arm cache-miss
427 http cache https://registry.npmjs.org/@esbuild%2fwin32-ia32 52ms (cache hit)
428 silly packumentCache full:https://registry.npmjs.org/@esbuild%2fwin32-ia32 set size:189750 disposed:false
429 silly fetch manifest @esbuild/android-x64@0.25.12
430 silly packumentCache full:https://registry.npmjs.org/@esbuild%2fandroid-x64 cache-miss
431 http cache https://registry.npmjs.org/@esbuild%2fnetbsd-x64 75ms (cache hit)
432 silly packumentCache full:https://registry.npmjs.org/@esbuild%2fnetbsd-x64 set size:187362 disposed:false
433 silly fetch manifest @esbuild/freebsd-x64@0.25.12
434 silly packumentCache full:https://registry.npmjs.org/@esbuild%2ffreebsd-x64 cache-miss
435 http cache https://registry.npmjs.org/@esbuild%2fandroid-arm 72ms (cache hit)
436 silly packumentCache full:https://registry.npmjs.org/@esbuild%2fandroid-arm set size:215153 disposed:false
437 silly fetch manifest @esbuild/linux-arm64@0.25.12
438 silly packumentCache full:https://registry.npmjs.org/@esbuild%2flinux-arm64 cache-miss
439 http cache https://registry.npmjs.org/@esbuild%2fandroid-x64 68ms (cache hit)
440 silly packumentCache full:https://registry.npmjs.org/@esbuild%2fandroid-x64 set size:188956 disposed:false
441 silly fetch manifest @esbuild/linux-ppc64@0.25.12
442 silly packumentCache full:https://registry.npmjs.org/@esbuild%2flinux-ppc64 cache-miss
443 http cache https://registry.npmjs.org/@esbuild%2ffreebsd-x64 71ms (cache hit)
444 silly packumentCache full:https://registry.npmjs.org/@esbuild%2ffreebsd-x64 set size:190419 disposed:false
445 silly fetch manifest @esbuild/linux-s390x@0.25.12
446 silly packumentCache full:https://registry.npmjs.org/@esbuild%2flinux-s390x cache-miss
447 http cache https://registry.npmjs.org/@esbuild%2flinux-arm64 63ms (cache hit)
448 silly packumentCache full:https://registry.npmjs.org/@esbuild%2flinux-arm64 set size:190613 disposed:false
449 silly fetch manifest @esbuild/openbsd-x64@0.25.12
450 silly packumentCache full:https://registry.npmjs.org/@esbuild%2fopenbsd-x64 cache-miss
451 http cache https://registry.npmjs.org/@esbuild%2flinux-ppc64 58ms (cache hit)
452 silly packumentCache full:https://registry.npmjs.org/@esbuild%2flinux-ppc64 set size:192578 disposed:false
453 silly fetch manifest @esbuild/win32-arm64@0.25.12
454 silly packumentCache full:https://registry.npmjs.org/@esbuild%2fwin32-arm64 cache-miss
455 http cache https://registry.npmjs.org/@esbuild%2flinux-s390x 47ms (cache hit)
456 silly packumentCache full:https://registry.npmjs.org/@esbuild%2flinux-s390x set size:192070 disposed:false
457 silly fetch manifest @esbuild/darwin-arm64@0.25.12
458 silly packumentCache full:https://registry.npmjs.org/@esbuild%2fdarwin-arm64 cache-miss
459 http cache https://registry.npmjs.org/@esbuild%2fopenbsd-x64 71ms (cache hit)
460 silly packumentCache full:https://registry.npmjs.org/@esbuild%2fopenbsd-x64 set size:190425 disposed:false
461 silly fetch manifest @esbuild/netbsd-arm64@0.25.12
462 silly packumentCache full:https://registry.npmjs.org/@esbuild%2fnetbsd-arm64 cache-miss
463 http cache https://registry.npmjs.org/@esbuild%2fwin32-arm64 72ms (cache hit)
464 silly packumentCache full:https://registry.npmjs.org/@esbuild%2fwin32-arm64 set size:190835 disposed:false
465 silly fetch manifest @esbuild/android-arm64@0.25.12
466 silly packumentCache full:https://registry.npmjs.org/@esbuild%2fandroid-arm64 cache-miss
467 http cache https://registry.npmjs.org/@esbuild%2fdarwin-arm64 79ms (cache hit)
468 silly packumentCache full:https://registry.npmjs.org/@esbuild%2fdarwin-arm64 set size:191268 disposed:false
469 silly fetch manifest @esbuild/freebsd-arm64@0.25.12
470 silly packumentCache full:https://registry.npmjs.org/@esbuild%2ffreebsd-arm64 cache-miss
471 http cache https://registry.npmjs.org/@esbuild%2fnetbsd-arm64 57ms (cache hit)
472 silly packumentCache full:https://registry.npmjs.org/@esbuild%2fnetbsd-arm64 set size:34101 disposed:false
473 silly fetch manifest @esbuild/linux-loong64@0.25.12
474 silly packumentCache full:https://registry.npmjs.org/@esbuild%2flinux-loong64 cache-miss
475 http cache https://registry.npmjs.org/@esbuild%2fandroid-arm64 65ms (cache hit)
476 silly packumentCache full:https://registry.npmjs.org/@esbuild%2fandroid-arm64 set size:193961 disposed:false
477 silly fetch manifest @esbuild/linux-riscv64@0.25.12
478 silly packumentCache full:https://registry.npmjs.org/@esbuild%2flinux-riscv64 cache-miss
479 http cache https://registry.npmjs.org/@esbuild%2ffreebsd-arm64 62ms (cache hit)
480 silly packumentCache full:https://registry.npmjs.org/@esbuild%2ffreebsd-arm64 set size:192128 disposed:false
481 silly fetch manifest @esbuild/openbsd-arm64@0.25.12
482 silly packumentCache full:https://registry.npmjs.org/@esbuild%2fopenbsd-arm64 cache-miss
483 http cache https://registry.npmjs.org/@esbuild%2fopenbsd-arm64 25ms (cache hit)
484 silly packumentCache full:https://registry.npmjs.org/@esbuild%2fopenbsd-arm64 set size:39385 disposed:false
485 silly fetch manifest @esbuild/linux-mips64el@0.25.12
486 silly packumentCache full:https://registry.npmjs.org/@esbuild%2flinux-mips64el cache-miss
487 http cache https://registry.npmjs.org/@esbuild%2flinux-loong64 65ms (cache hit)
488 silly packumentCache full:https://registry.npmjs.org/@esbuild%2flinux-loong64 set size:245468 disposed:false
489 silly fetch manifest @esbuild/openharmony-arm64@0.25.12
490 silly packumentCache full:https://registry.npmjs.org/@esbuild%2fopenharmony-arm64 cache-miss
491 http cache https://registry.npmjs.org/@esbuild%2flinux-riscv64 53ms (cache hit)
492 silly packumentCache full:https://registry.npmjs.org/@esbuild%2flinux-riscv64 set size:192251 disposed:false
493 silly fetch manifest nanoid@^3.3.11
494 silly packumentCache full:https://registry.npmjs.org/nanoid cache-miss
495 http cache https://registry.npmjs.org/@esbuild%2fopenharmony-arm64 53ms (cache hit)
496 silly packumentCache full:https://registry.npmjs.org/@esbuild%2fopenharmony-arm64 set size:22704 disposed:false
497 silly fetch manifest source-map-js@^1.2.1
498 silly packumentCache full:https://registry.npmjs.org/source-map-js cache-miss
499 http cache https://registry.npmjs.org/@esbuild%2flinux-mips64el 67ms (cache hit)
500 silly packumentCache full:https://registry.npmjs.org/@esbuild%2flinux-mips64el set size:194259 disposed:false
501 silly fetch manifest @types/estree@1.0.8
502 silly packumentCache full:https://registry.npmjs.org/@types%2festree cache-miss
503 http cache https://registry.npmjs.org/nanoid 59ms (cache hit)
504 silly packumentCache full:https://registry.npmjs.org/nanoid set size:300313 disposed:false
505 silly fetch manifest @rollup/rollup-darwin-arm64@4.60.0
506 silly packumentCache full:https://registry.npmjs.org/@rollup%2frollup-darwin-arm64 cache-miss
507 http cache https://registry.npmjs.org/source-map-js 66ms (cache hit)
508 silly packumentCache full:https://registry.npmjs.org/source-map-js set size:62640 disposed:false
509 silly fetch manifest @rollup/rollup-android-arm64@4.60.0
510 silly packumentCache full:https://registry.npmjs.org/@rollup%2frollup-android-arm64 cache-miss
511 http cache https://registry.npmjs.org/@types%2festree 58ms (cache hit)
512 silly packumentCache full:https://registry.npmjs.org/@types%2festree set size:74091 disposed:false
513 silly fetch manifest @rollup/rollup-win32-arm64-msvc@4.60.0
514 silly packumentCache full:https://registry.npmjs.org/@rollup%2frollup-win32-arm64-msvc cache-miss
515 http cache https://registry.npmjs.org/@rollup%2frollup-darwin-arm64 50ms (cache hit)
516 silly packumentCache full:https://registry.npmjs.org/@rollup%2frollup-darwin-arm64 set size:330305 disposed:false
517 silly fetch manifest @rollup/rollup-freebsd-arm64@4.60.0
518 silly packumentCache full:https://registry.npmjs.org/@rollup%2frollup-freebsd-arm64 cache-miss
519 http cache https://registry.npmjs.org/@rollup%2frollup-android-arm64 65ms (cache hit)
520 silly packumentCache full:https://registry.npmjs.org/@rollup%2frollup-android-arm64 set size:331771 disposed:false
521 silly fetch manifest @rollup/rollup-linux-arm64-gnu@4.60.0
522 silly packumentCache full:https://registry.npmjs.org/@rollup%2frollup-linux-arm64-gnu cache-miss
523 http cache https://registry.npmjs.org/@rollup%2frollup-win32-arm64-msvc 78ms (cache hit)
524 silly packumentCache full:https://registry.npmjs.org/@rollup%2frollup-win32-arm64-msvc set size:335092 disposed:false
525 silly fetch manifest @rollup/rollup-linux-arm64-musl@4.60.0
526 silly packumentCache full:https://registry.npmjs.org/@rollup%2frollup-linux-arm64-musl cache-miss
527 http cache https://registry.npmjs.org/@rollup%2frollup-freebsd-arm64 89ms (cache hit)
528 silly packumentCache full:https://registry.npmjs.org/@rollup%2frollup-freebsd-arm64 set size:179976 disposed:false
529 silly fetch manifest @rollup/rollup-android-arm-eabi@4.60.0
530 silly packumentCache full:https://registry.npmjs.org/@rollup%2frollup-android-arm-eabi cache-miss
531 http cache https://registry.npmjs.org/@rollup%2frollup-linux-arm64-musl 56ms (cache hit)
532 silly packumentCache full:https://registry.npmjs.org/@rollup%2frollup-linux-arm64-musl set size:292661 disposed:false
533 silly fetch manifest @rollup/rollup-linux-arm-gnueabihf@4.60.0
534 silly packumentCache full:https://registry.npmjs.org/@rollup%2frollup-linux-arm-gnueabihf cache-miss
535 http cache https://registry.npmjs.org/@rollup%2frollup-linux-arm64-gnu 89ms (cache hit)
536 silly packumentCache full:https://registry.npmjs.org/@rollup%2frollup-linux-arm64-gnu set size:337301 disposed:false
537 silly fetch manifest @rollup/rollup-linux-arm-musleabihf@4.60.0
538 silly packumentCache full:https://registry.npmjs.org/@rollup%2frollup-linux-arm-musleabihf cache-miss
539 http cache https://registry.npmjs.org/@rollup%2frollup-android-arm-eabi 73ms (cache hit)
540 silly packumentCache full:https://registry.npmjs.org/@rollup%2frollup-android-arm-eabi set size:335098 disposed:false
541 silly fetch manifest @rollup/rollup-win32-ia32-msvc@4.60.0
542 silly packumentCache full:https://registry.npmjs.org/@rollup%2frollup-win32-ia32-msvc cache-miss
543 http cache https://registry.npmjs.org/@rollup%2frollup-linux-arm-musleabihf 38ms (cache hit)
544 silly packumentCache full:https://registry.npmjs.org/@rollup%2frollup-linux-arm-musleabihf set size:234842 disposed:false
545 silly fetch manifest @rollup/rollup-linux-loong64-gnu@4.60.0
546 silly packumentCache full:https://registry.npmjs.org/@rollup%2frollup-linux-loong64-gnu cache-miss
547 http cache https://registry.npmjs.org/@rollup%2frollup-linux-arm-gnueabihf 81ms (cache hit)
548 silly packumentCache full:https://registry.npmjs.org/@rollup%2frollup-linux-arm-gnueabihf set size:340690 disposed:false
549 silly fetch manifest @rollup/rollup-linux-loong64-musl@4.60.0
550 silly packumentCache full:https://registry.npmjs.org/@rollup%2frollup-linux-loong64-musl cache-miss
551 http cache https://registry.npmjs.org/@rollup%2frollup-win32-ia32-msvc 72ms (cache hit)
552 silly packumentCache full:https://registry.npmjs.org/@rollup%2frollup-win32-ia32-msvc set size:333639 disposed:false
553 silly fetch manifest @rollup/rollup-linux-riscv64-gnu@4.60.0
554 silly packumentCache full:https://registry.npmjs.org/@rollup%2frollup-linux-riscv64-gnu cache-miss
555 http cache https://registry.npmjs.org/@rollup%2frollup-linux-loong64-gnu 74ms (cache hit)
556 silly packumentCache full:https://registry.npmjs.org/@rollup%2frollup-linux-loong64-gnu set size:61695 disposed:false
557 silly fetch manifest @rollup/rollup-linux-riscv64-musl@4.60.0
558 silly packumentCache full:https://registry.npmjs.org/@rollup%2frollup-linux-riscv64-musl cache-miss
559 http cache https://registry.npmjs.org/@rollup%2frollup-linux-loong64-musl 55ms (cache hit)
560 silly packumentCache full:https://registry.npmjs.org/@rollup%2frollup-linux-loong64-musl set size:23676 disposed:false
561 silly fetch manifest @rollup/rollup-linux-ppc64-gnu@4.60.0
562 silly packumentCache full:https://registry.npmjs.org/@rollup%2frollup-linux-ppc64-gnu cache-miss
563 http cache https://registry.npmjs.org/@rollup%2frollup-linux-riscv64-gnu 36ms (cache hit)
564 silly packumentCache full:https://registry.npmjs.org/@rollup%2frollup-linux-riscv64-gnu set size:263379 disposed:false
565 silly fetch manifest @rollup/rollup-linux-ppc64-musl@4.60.0
566 silly packumentCache full:https://registry.npmjs.org/@rollup%2frollup-linux-ppc64-musl cache-miss
567 http cache https://registry.npmjs.org/@rollup%2frollup-linux-riscv64-musl 46ms (cache hit)
568 silly packumentCache full:https://registry.npmjs.org/@rollup%2frollup-linux-riscv64-musl set size:109341 disposed:false
569 silly fetch manifest @rollup/rollup-linux-s390x-gnu@4.60.0
570 silly packumentCache full:https://registry.npmjs.org/@rollup%2frollup-linux-s390x-gnu cache-miss
571 http cache https://registry.npmjs.org/@rollup%2frollup-linux-ppc64-gnu 47ms (cache hit)
572 silly packumentCache full:https://registry.npmjs.org/@rollup%2frollup-linux-ppc64-gnu set size:81977 disposed:false
573 silly fetch manifest @rollup/rollup-darwin-x64@4.60.0
574 silly packumentCache full:https://registry.npmjs.org/@rollup%2frollup-darwin-x64 cache-miss
575 http cache https://registry.npmjs.org/@rollup%2frollup-linux-ppc64-musl 66ms (cache hit)
576 silly packumentCache full:https://registry.npmjs.org/@rollup%2frollup-linux-ppc64-musl set size:23479 disposed:false
577 silly fetch manifest @rollup/rollup-win32-x64-gnu@4.60.0
578 silly packumentCache full:https://registry.npmjs.org/@rollup%2frollup-win32-x64-gnu cache-miss
579 http cache https://registry.npmjs.org/@rollup%2frollup-linux-s390x-gnu 51ms (cache hit)
580 silly packumentCache full:https://registry.npmjs.org/@rollup%2frollup-linux-s390x-gnu set size:237146 disposed:false
581 silly fetch manifest @rollup/rollup-win32-x64-msvc@4.60.0
582 silly packumentCache full:https://registry.npmjs.org/@rollup%2frollup-win32-x64-msvc cache-miss
583 http cache https://registry.npmjs.org/@rollup%2frollup-darwin-x64 60ms (cache hit)
584 silly packumentCache full:https://registry.npmjs.org/@rollup%2frollup-darwin-x64 set size:325565 disposed:false
585 silly fetch manifest @rollup/rollup-freebsd-x64@4.60.0
586 silly packumentCache full:https://registry.npmjs.org/@rollup%2frollup-freebsd-x64 cache-miss
587 http cache https://registry.npmjs.org/@rollup%2frollup-win32-x64-gnu 40ms (cache hit)
588 silly packumentCache full:https://registry.npmjs.org/@rollup%2frollup-win32-x64-gnu set size:53430 disposed:false
589 silly fetch manifest @rollup/rollup-linux-x64-gnu@4.60.0
590 silly packumentCache full:https://registry.npmjs.org/@rollup%2frollup-linux-x64-gnu cache-miss
591 http cache https://registry.npmjs.org/@rollup%2frollup-win32-x64-msvc 46ms (cache hit)
592 silly packumentCache full:https://registry.npmjs.org/@rollup%2frollup-win32-x64-msvc set size:330321 disposed:false
593 silly fetch manifest @rollup/rollup-linux-x64-musl@4.60.0
594 silly packumentCache full:https://registry.npmjs.org/@rollup%2frollup-linux-x64-musl cache-miss
595 http cache https://registry.npmjs.org/@rollup%2frollup-freebsd-x64 52ms (cache hit)
596 silly packumentCache full:https://registry.npmjs.org/@rollup%2frollup-freebsd-x64 set size:178134 disposed:false
597 silly fetch manifest @rollup/rollup-openbsd-x64@4.60.0
598 silly packumentCache full:https://registry.npmjs.org/@rollup%2frollup-openbsd-x64 cache-miss
599 http cache https://registry.npmjs.org/@rollup%2frollup-linux-x64-gnu 56ms (cache hit)
600 silly packumentCache full:https://registry.npmjs.org/@rollup%2frollup-linux-x64-gnu set size:332499 disposed:false
601 silly fetch manifest @rollup/rollup-openharmony-arm64@4.60.0
602 silly packumentCache full:https://registry.npmjs.org/@rollup%2frollup-openharmony-arm64 cache-miss
603 http cache https://registry.npmjs.org/@rollup%2frollup-linux-x64-musl 54ms (cache hit)
604 silly packumentCache full:https://registry.npmjs.org/@rollup%2frollup-linux-x64-musl set size:331827 disposed:false
605 http cache https://registry.npmjs.org/@rollup%2frollup-openbsd-x64 59ms (cache hit)
606 silly packumentCache full:https://registry.npmjs.org/@rollup%2frollup-openbsd-x64 set size:22873 disposed:false
607 http cache https://registry.npmjs.org/@rollup%2frollup-openharmony-arm64 51ms (cache hit)
608 silly packumentCache full:https://registry.npmjs.org/@rollup%2frollup-openharmony-arm64 set size:62626 disposed:false
609 silly placeDep ROOT @esbuild/aix-ppc64@0.25.12 OK for: esbuild@0.25.12 want: 0.25.12
610 silly placeDep ROOT @esbuild/android-arm@0.25.12 OK for: esbuild@0.25.12 want: 0.25.12
611 silly placeDep ROOT @esbuild/android-arm64@0.25.12 OK for: esbuild@0.25.12 want: 0.25.12
612 silly placeDep ROOT @esbuild/android-x64@0.25.12 OK for: esbuild@0.25.12 want: 0.25.12
613 silly placeDep ROOT @esbuild/darwin-arm64@0.25.12 OK for: esbuild@0.25.12 want: 0.25.12
614 silly placeDep ROOT @esbuild/darwin-x64@0.25.12 OK for: esbuild@0.25.12 want: 0.25.12
615 silly placeDep ROOT @esbuild/freebsd-arm64@0.25.12 OK for: esbuild@0.25.12 want: 0.25.12
616 silly placeDep ROOT @esbuild/freebsd-x64@0.25.12 OK for: esbuild@0.25.12 want: 0.25.12
617 silly placeDep ROOT @esbuild/linux-arm@0.25.12 OK for: esbuild@0.25.12 want: 0.25.12
618 silly placeDep ROOT @esbuild/linux-arm64@0.25.12 OK for: esbuild@0.25.12 want: 0.25.12
619 silly placeDep ROOT @esbuild/linux-ia32@0.25.12 OK for: esbuild@0.25.12 want: 0.25.12
620 silly placeDep ROOT @esbuild/linux-loong64@0.25.12 OK for: esbuild@0.25.12 want: 0.25.12
621 silly placeDep ROOT @esbuild/linux-mips64el@0.25.12 OK for: esbuild@0.25.12 want: 0.25.12
622 silly placeDep ROOT @esbuild/linux-ppc64@0.25.12 OK for: esbuild@0.25.12 want: 0.25.12
623 silly placeDep ROOT @esbuild/linux-riscv64@0.25.12 OK for: esbuild@0.25.12 want: 0.25.12
624 silly placeDep ROOT @esbuild/linux-s390x@0.25.12 OK for: esbuild@0.25.12 want: 0.25.12
625 silly placeDep ROOT @esbuild/linux-x64@0.25.12 OK for: esbuild@0.25.12 want: 0.25.12
626 silly placeDep ROOT @esbuild/netbsd-arm64@0.25.12 OK for: esbuild@0.25.12 want: 0.25.12
627 silly placeDep ROOT @esbuild/netbsd-x64@0.25.12 OK for: esbuild@0.25.12 want: 0.25.12
628 silly placeDep ROOT @esbuild/openbsd-arm64@0.25.12 OK for: esbuild@0.25.12 want: 0.25.12
629 silly placeDep ROOT @esbuild/openbsd-x64@0.25.12 OK for: esbuild@0.25.12 want: 0.25.12
630 silly placeDep ROOT @esbuild/openharmony-arm64@0.25.12 OK for: esbuild@0.25.12 want: 0.25.12
631 silly placeDep ROOT @esbuild/sunos-x64@0.25.12 OK for: esbuild@0.25.12 want: 0.25.12
632 silly placeDep ROOT @esbuild/win32-arm64@0.25.12 OK for: esbuild@0.25.12 want: 0.25.12
633 silly placeDep ROOT @esbuild/win32-ia32@0.25.12 OK for: esbuild@0.25.12 want: 0.25.12
634 silly placeDep ROOT @esbuild/win32-x64@0.25.12 OK for: esbuild@0.25.12 want: 0.25.12
635 silly placeDep ROOT nanoid@3.3.11 OK for: postcss@8.5.8 want: ^3.3.11
636 silly placeDep ROOT source-map-js@1.2.1 OK for: postcss@8.5.8 want: ^1.2.1
637 silly placeDep ROOT @rollup/rollup-android-arm-eabi@4.60.0 OK for: rollup@4.60.0 want: 4.60.0
638 silly placeDep ROOT @rollup/rollup-android-arm64@4.60.0 OK for: rollup@4.60.0 want: 4.60.0
639 silly placeDep ROOT @rollup/rollup-darwin-arm64@4.60.0 OK for: rollup@4.60.0 want: 4.60.0
640 silly placeDep ROOT @rollup/rollup-darwin-x64@4.60.0 OK for: rollup@4.60.0 want: 4.60.0
641 silly placeDep ROOT @rollup/rollup-freebsd-arm64@4.60.0 OK for: rollup@4.60.0 want: 4.60.0
642 silly placeDep ROOT @rollup/rollup-freebsd-x64@4.60.0 OK for: rollup@4.60.0 want: 4.60.0
643 silly placeDep ROOT @rollup/rollup-linux-arm-gnueabihf@4.60.0 OK for: rollup@4.60.0 want: 4.60.0
644 silly placeDep ROOT @rollup/rollup-linux-arm-musleabihf@4.60.0 OK for: rollup@4.60.0 want: 4.60.0
645 silly placeDep ROOT @rollup/rollup-linux-arm64-gnu@4.60.0 OK for: rollup@4.60.0 want: 4.60.0
646 silly placeDep ROOT @rollup/rollup-linux-arm64-musl@4.60.0 OK for: rollup@4.60.0 want: 4.60.0
647 silly placeDep ROOT @rollup/rollup-linux-loong64-gnu@4.60.0 OK for: rollup@4.60.0 want: 4.60.0
648 silly placeDep ROOT @rollup/rollup-linux-loong64-musl@4.60.0 OK for: rollup@4.60.0 want: 4.60.0
649 silly placeDep ROOT @rollup/rollup-linux-ppc64-gnu@4.60.0 OK for: rollup@4.60.0 want: 4.60.0
650 silly placeDep ROOT @rollup/rollup-linux-ppc64-musl@4.60.0 OK for: rollup@4.60.0 want: 4.60.0
651 silly placeDep ROOT @rollup/rollup-linux-riscv64-gnu@4.60.0 OK for: rollup@4.60.0 want: 4.60.0
652 silly placeDep ROOT @rollup/rollup-linux-riscv64-musl@4.60.0 OK for: rollup@4.60.0 want: 4.60.0
653 silly placeDep ROOT @rollup/rollup-linux-s390x-gnu@4.60.0 OK for: rollup@4.60.0 want: 4.60.0
654 silly placeDep ROOT @rollup/rollup-linux-x64-gnu@4.60.0 OK for: rollup@4.60.0 want: 4.60.0
655 silly placeDep ROOT @rollup/rollup-linux-x64-musl@4.60.0 OK for: rollup@4.60.0 want: 4.60.0
656 silly placeDep ROOT @rollup/rollup-openbsd-x64@4.60.0 OK for: rollup@4.60.0 want: 4.60.0
657 silly placeDep ROOT @rollup/rollup-openharmony-arm64@4.60.0 OK for: rollup@4.60.0 want: 4.60.0
658 silly placeDep ROOT @rollup/rollup-win32-arm64-msvc@4.60.0 OK for: rollup@4.60.0 want: 4.60.0
659 silly placeDep ROOT @rollup/rollup-win32-ia32-msvc@4.60.0 OK for: rollup@4.60.0 want: 4.60.0
660 silly placeDep ROOT @rollup/rollup-win32-x64-gnu@4.60.0 OK for: rollup@4.60.0 want: 4.60.0
661 silly placeDep ROOT @rollup/rollup-win32-x64-msvc@4.60.0 OK for: rollup@4.60.0 want: 4.60.0
662 silly placeDep ROOT @types/estree@1.0.8 OK for: rollup@4.60.0 want: 1.0.8
663 silly reify moves {}
664 silly audit bulk request {
664 silly audit   '@vitejs/plugin-react': [ '4.7.0' ],
664 silly audit   vite: [ '6.4.1' ],
664 silly audit   react: [ '19.2.4' ],
664 silly audit   'react-dom': [ '19.2.4' ],
664 silly audit   'react-icons': [ '5.6.0' ],
664 silly audit   '@babel/core': [ '7.29.0' ],
664 silly audit   '@babel/plugin-transform-react-jsx-self': [ '7.27.1' ],
664 silly audit   '@babel/plugin-transform-react-jsx-source': [ '7.27.1' ],
664 silly audit   '@rolldown/pluginutils': [ '1.0.0-beta.27' ],
664 silly audit   '@types/babel__core': [ '7.20.5' ],
664 silly audit   'react-refresh': [ '0.17.0' ],
664 silly audit   '@babel/code-frame': [ '7.29.0' ],
664 silly audit   '@babel/generator': [ '7.29.1' ],
664 silly audit   '@babel/helper-compilation-targets': [ '7.28.6' ],
664 silly audit   '@babel/helper-module-transforms': [ '7.28.6' ],
664 silly audit   '@babel/helpers': [ '7.29.2' ],
664 silly audit   '@babel/parser': [ '7.29.2' ],
664 silly audit   '@babel/template': [ '7.28.6' ],
664 silly audit   '@babel/traverse': [ '7.29.0' ],
664 silly audit   '@babel/types': [ '7.29.0' ],
664 silly audit   '@jridgewell/remapping': [ '2.3.5' ],
664 silly audit   'convert-source-map': [ '2.0.0' ],
664 silly audit   debug: [ '4.4.3' ],
664 silly audit   gensync: [ '1.0.0-beta.2' ],
664 silly audit   json5: [ '2.2.3' ],
664 silly audit   semver: [ '6.3.1' ],
664 silly audit   '@babel/helper-validator-identifier': [ '7.28.5' ],
664 silly audit   'js-tokens': [ '4.0.0' ],
664 silly audit   picocolors: [ '1.1.1' ],
664 silly audit   '@jridgewell/gen-mapping': [ '0.3.13' ],
664 silly audit   '@jridgewell/trace-mapping': [ '0.3.31' ],
664 silly audit   jsesc: [ '3.1.0' ],
664 silly audit   '@babel/compat-data': [ '7.29.0' ],
664 silly audit   '@babel/helper-validator-option': [ '7.27.1' ],
664 silly audit   browserslist: [ '4.28.1' ],
664 silly audit   'lru-cache': [ '5.1.1' ],
664 silly audit   '@babel/helper-module-imports': [ '7.28.6' ],
664 silly audit   '@babel/helper-plugin-utils': [ '7.28.6' ],
664 silly audit   '@babel/helper-globals': [ '7.28.0' ],
664 silly audit   '@babel/helper-string-parser': [ '7.27.1' ],
664 silly audit   '@jridgewell/sourcemap-codec': [ '1.5.5' ],
664 silly audit   '@jridgewell/resolve-uri': [ '3.1.2' ],
664 silly audit   '@types/babel__generator': [ '7.27.0' ],
664 silly audit   '@types/babel__template': [ '7.4.4' ],
664 silly audit   '@types/babel__traverse': [ '7.28.0' ],
664 silly audit   'baseline-browser-mapping': [ '2.10.10' ],
664 silly audit   'caniuse-lite': [ '1.0.30001780' ],
664 silly audit   'electron-to-chromium': [ '1.5.321' ],
664 silly audit   'node-releases': [ '2.0.36' ],
664 silly audit   'update-browserslist-db': [ '1.2.3' ],
664 silly audit   ms: [ '2.1.3' ],
664 silly audit   yallist: [ '3.1.1' ],
664 silly audit   scheduler: [ '0.27.0' ],
664 silly audit   escalade: [ '3.2.0' ],
664 silly audit   esbuild: [ '0.25.12' ],
664 silly audit   fdir: [ '6.5.0' ],
664 silly audit   fsevents: [ '2.3.3' ],
664 silly audit   picomatch: [ '4.0.3' ],
664 silly audit   postcss: [ '8.5.8' ],
664 silly audit   rollup: [ '4.60.0' ],
664 silly audit   tinyglobby: [ '0.2.15' ],
664 silly audit   '@esbuild/aix-ppc64': [ '0.25.12' ],
664 silly audit   '@esbuild/android-arm': [ '0.25.12' ],
664 silly audit   '@esbuild/android-arm64': [ '0.25.12' ],
664 silly audit   '@esbuild/android-x64': [ '0.25.12' ],
664 silly audit   '@esbuild/darwin-arm64': [ '0.25.12' ],
664 silly audit   '@esbuild/darwin-x64': [ '0.25.12' ],
664 silly audit   '@esbuild/freebsd-arm64': [ '0.25.12' ],
664 silly audit   '@esbuild/freebsd-x64': [ '0.25.12' ],
664 silly audit   '@esbuild/linux-arm': [ '0.25.12' ],
664 silly audit   '@esbuild/linux-arm64': [ '0.25.12' ],
664 silly audit   '@esbuild/linux-ia32': [ '0.25.12' ],
664 silly audit   '@esbuild/linux-loong64': [ '0.25.12' ],
664 silly audit   '@esbuild/linux-mips64el': [ '0.25.12' ],
664 silly audit   '@esbuild/linux-ppc64': [ '0.25.12' ],
664 silly audit   '@esbuild/linux-riscv64': [ '0.25.12' ],
664 silly audit   '@esbuild/linux-s390x': [ '0.25.12' ],
664 silly audit   '@esbuild/linux-x64': [ '0.25.12' ],
664 silly audit   '@esbuild/netbsd-arm64': [ '0.25.12' ],
664 silly audit   '@esbuild/netbsd-x64': [ '0.25.12' ],
664 silly audit   '@esbuild/openbsd-arm64': [ '0.25.12' ],
664 silly audit   '@esbuild/openbsd-x64': [ '0.25.12' ],
664 silly audit   '@esbuild/openharmony-arm64': [ '0.25.12' ],
664 silly audit   '@esbuild/sunos-x64': [ '0.25.12' ],
664 silly audit   '@esbuild/win32-arm64': [ '0.25.12' ],
664 silly audit   '@esbuild/win32-ia32': [ '0.25.12' ],
664 silly audit   '@esbuild/win32-x64': [ '0.25.12' ],
664 silly audit   nanoid: [ '3.3.11' ],
664 silly audit   'source-map-js': [ '1.2.1' ],
664 silly audit   '@rollup/rollup-android-arm-eabi': [ '4.60.0' ],
664 silly audit   '@rollup/rollup-android-arm64': [ '4.60.0' ],
664 silly audit   '@rollup/rollup-darwin-arm64': [ '4.60.0' ],
664 silly audit   '@rollup/rollup-darwin-x64': [ '4.60.0' ],
664 silly audit   '@rollup/rollup-freebsd-arm64': [ '4.60.0' ],
664 silly audit   '@rollup/rollup-freebsd-x64': [ '4.60.0' ],
664 silly audit   '@rollup/rollup-linux-arm-gnueabihf': [ '4.60.0' ],
664 silly audit   '@rollup/rollup-linux-arm-musleabihf': [ '4.60.0' ],
664 silly audit   '@rollup/rollup-linux-arm64-gnu': [ '4.60.0' ],
664 silly audit   '@rollup/rollup-linux-arm64-musl': [ '4.60.0' ],
664 silly audit   '@rollup/rollup-linux-loong64-gnu': [ '4.60.0' ],
664 silly audit   '@rollup/rollup-linux-loong64-musl': [ '4.60.0' ],
664 silly audit   '@rollup/rollup-linux-ppc64-gnu': [ '4.60.0' ],
664 silly audit   '@rollup/rollup-linux-ppc64-musl': [ '4.60.0' ],
664 silly audit   '@rollup/rollup-linux-riscv64-gnu': [ '4.60.0' ],
664 silly audit   '@rollup/rollup-linux-riscv64-musl': [ '4.60.0' ],
664 silly audit   '@rollup/rollup-linux-s390x-gnu': [ '4.60.0' ],
664 silly audit   '@rollup/rollup-linux-x64-gnu': [ '4.60.0' ],
664 silly audit   '@rollup/rollup-linux-x64-musl': [ '4.60.0' ],
664 silly audit   '@rollup/rollup-openbsd-x64': [ '4.60.0' ],
664 silly audit   '@rollup/rollup-openharmony-arm64': [ '4.60.0' ],
664 silly audit   '@rollup/rollup-win32-arm64-msvc': [ '4.60.0' ],
664 silly audit   '@rollup/rollup-win32-ia32-msvc': [ '4.60.0' ],
664 silly audit   '@rollup/rollup-win32-x64-gnu': [ '4.60.0' ],
664 silly audit   '@rollup/rollup-win32-x64-msvc': [ '4.60.0' ],
664 silly audit   '@types/estree': [ '1.0.8' ]
664 silly audit }
665 verbose reify failed optional dependency C:\Users\anmol\OneDrive\Desktop\Portfolio - Copy\client\node_modules\@rollup\rollup-win32-ia32-msvc
666 silly reify mark deleted [
666 silly reify   'C:\\Users\\anmol\\OneDrive\\Desktop\\Portfolio - Copy\\client\\node_modules\\@rollup\\rollup-win32-ia32-msvc'
666 silly reify ]
667 verbose reify failed optional dependency C:\Users\anmol\OneDrive\Desktop\Portfolio - Copy\client\node_modules\@rollup\rollup-win32-arm64-msvc
668 silly reify mark deleted [
668 silly reify   'C:\\Users\\anmol\\OneDrive\\Desktop\\Portfolio - Copy\\client\\node_modules\\@rollup\\rollup-win32-arm64-msvc'
668 silly reify ]
669 verbose reify failed optional dependency C:\Users\anmol\OneDrive\Desktop\Portfolio - Copy\client\node_modules\@rollup\rollup-openharmony-arm64
670 silly reify mark deleted [
670 silly reify   'C:\\Users\\anmol\\OneDrive\\Desktop\\Portfolio - Copy\\client\\node_modules\\@rollup\\rollup-openharmony-arm64'
670 silly reify ]
671 verbose reify failed optional dependency C:\Users\anmol\OneDrive\Desktop\Portfolio - Copy\client\node_modules\@rollup\rollup-openbsd-x64
672 silly reify mark deleted [
672 silly reify   'C:\\Users\\anmol\\OneDrive\\Desktop\\Portfolio - Copy\\client\\node_modules\\@rollup\\rollup-openbsd-x64'
672 silly reify ]
673 verbose reify failed optional dependency C:\Users\anmol\OneDrive\Desktop\Portfolio - Copy\client\node_modules\@rollup\rollup-linux-x64-musl
674 silly reify mark deleted [
674 silly reify   'C:\\Users\\anmol\\OneDrive\\Desktop\\Portfolio - Copy\\client\\node_modules\\@rollup\\rollup-linux-x64-musl'
674 silly reify ]
675 verbose reify failed optional dependency C:\Users\anmol\OneDrive\Desktop\Portfolio - Copy\client\node_modules\@rollup\rollup-linux-x64-gnu
676 silly reify mark deleted [
676 silly reify   'C:\\Users\\anmol\\OneDrive\\Desktop\\Portfolio - Copy\\client\\node_modules\\@rollup\\rollup-linux-x64-gnu'
676 silly reify ]
677 verbose reify failed optional dependency C:\Users\anmol\OneDrive\Desktop\Portfolio - Copy\client\node_modules\@rollup\rollup-linux-s390x-gnu
678 silly reify mark deleted [
678 silly reify   'C:\\Users\\anmol\\OneDrive\\Desktop\\Portfolio - Copy\\client\\node_modules\\@rollup\\rollup-linux-s390x-gnu'
678 silly reify ]
679 verbose reify failed optional dependency C:\Users\anmol\OneDrive\Desktop\Portfolio - Copy\client\node_modules\@rollup\rollup-linux-riscv64-musl
680 silly reify mark deleted [
680 silly reify   'C:\\Users\\anmol\\OneDrive\\Desktop\\Portfolio - Copy\\client\\node_modules\\@rollup\\rollup-linux-riscv64-musl'
680 silly reify ]
681 verbose reify failed optional dependency C:\Users\anmol\OneDrive\Desktop\Portfolio - Copy\client\node_modules\@rollup\rollup-linux-riscv64-gnu
682 silly reify mark deleted [
682 silly reify   'C:\\Users\\anmol\\OneDrive\\Desktop\\Portfolio - Copy\\client\\node_modules\\@rollup\\rollup-linux-riscv64-gnu'
682 silly reify ]
683 verbose reify failed optional dependency C:\Users\anmol\OneDrive\Desktop\Portfolio - Copy\client\node_modules\@rollup\rollup-linux-ppc64-musl
684 silly reify mark deleted [
684 silly reify   'C:\\Users\\anmol\\OneDrive\\Desktop\\Portfolio - Copy\\client\\node_modules\\@rollup\\rollup-linux-ppc64-musl'
684 silly reify ]
685 verbose reify failed optional dependency C:\Users\anmol\OneDrive\Desktop\Portfolio - Copy\client\node_modules\@rollup\rollup-linux-ppc64-gnu
686 silly reify mark deleted [
686 silly reify   'C:\\Users\\anmol\\OneDrive\\Desktop\\Portfolio - Copy\\client\\node_modules\\@rollup\\rollup-linux-ppc64-gnu'
686 silly reify ]
687 verbose reify failed optional dependency C:\Users\anmol\OneDrive\Desktop\Portfolio - Copy\client\node_modules\@rollup\rollup-linux-loong64-musl
688 silly reify mark deleted [
688 silly reify   'C:\\Users\\anmol\\OneDrive\\Desktop\\Portfolio - Copy\\client\\node_modules\\@rollup\\rollup-linux-loong64-musl'
688 silly reify ]
689 verbose reify failed optional dependency C:\Users\anmol\OneDrive\Desktop\Portfolio - Copy\client\node_modules\@rollup\rollup-linux-loong64-gnu
690 silly reify mark deleted [
690 silly reify   'C:\\Users\\anmol\\OneDrive\\Desktop\\Portfolio - Copy\\client\\node_modules\\@rollup\\rollup-linux-loong64-gnu'
690 silly reify ]
691 verbose reify failed optional dependency C:\Users\anmol\OneDrive\Desktop\Portfolio - Copy\client\node_modules\@rollup\rollup-linux-arm64-musl
692 silly reify mark deleted [
692 silly reify   'C:\\Users\\anmol\\OneDrive\\Desktop\\Portfolio - Copy\\client\\node_modules\\@rollup\\rollup-linux-arm64-musl'
692 silly reify ]
693 verbose reify failed optional dependency C:\Users\anmol\OneDrive\Desktop\Portfolio - Copy\client\node_modules\@rollup\rollup-linux-arm64-gnu
694 silly reify mark deleted [
694 silly reify   'C:\\Users\\anmol\\OneDrive\\Desktop\\Portfolio - Copy\\client\\node_modules\\@rollup\\rollup-linux-arm64-gnu'
694 silly reify ]
695 verbose reify failed optional dependency C:\Users\anmol\OneDrive\Desktop\Portfolio - Copy\client\node_modules\@rollup\rollup-linux-arm-musleabihf
696 silly reify mark deleted [
696 silly reify   'C:\\Users\\anmol\\OneDrive\\Desktop\\Portfolio - Copy\\client\\node_modules\\@rollup\\rollup-linux-arm-musleabihf'
696 silly reify ]
697 verbose reify failed optional dependency C:\Users\anmol\OneDrive\Desktop\Portfolio - Copy\client\node_modules\@rollup\rollup-linux-arm-gnueabihf
698 silly reify mark deleted [
698 silly reify   'C:\\Users\\anmol\\OneDrive\\Desktop\\Portfolio - Copy\\client\\node_modules\\@rollup\\rollup-linux-arm-gnueabihf'
698 silly reify ]
699 verbose reify failed optional dependency C:\Users\anmol\OneDrive\Desktop\Portfolio - Copy\client\node_modules\@rollup\rollup-freebsd-x64
700 silly reify mark deleted [
700 silly reify   'C:\\Users\\anmol\\OneDrive\\Desktop\\Portfolio - Copy\\client\\node_modules\\@rollup\\rollup-freebsd-x64'
700 silly reify ]
701 verbose reify failed optional dependency C:\Users\anmol\OneDrive\Desktop\Portfolio - Copy\client\node_modules\@rollup\rollup-freebsd-arm64
702 silly reify mark deleted [
702 silly reify   'C:\\Users\\anmol\\OneDrive\\Desktop\\Portfolio - Copy\\client\\node_modules\\@rollup\\rollup-freebsd-arm64'
702 silly reify ]
703 verbose reify failed optional dependency C:\Users\anmol\OneDrive\Desktop\Portfolio - Copy\client\node_modules\@rollup\rollup-darwin-x64
704 silly reify mark deleted [
704 silly reify   'C:\\Users\\anmol\\OneDrive\\Desktop\\Portfolio - Copy\\client\\node_modules\\@rollup\\rollup-darwin-x64'
704 silly reify ]
705 verbose reify failed optional dependency C:\Users\anmol\OneDrive\Desktop\Portfolio - Copy\client\node_modules\@rollup\rollup-darwin-arm64
706 silly reify mark deleted [
706 silly reify   'C:\\Users\\anmol\\OneDrive\\Desktop\\Portfolio - Copy\\client\\node_modules\\@rollup\\rollup-darwin-arm64'
706 silly reify ]
707 verbose reify failed optional dependency C:\Users\anmol\OneDrive\Desktop\Portfolio - Copy\client\node_modules\@rollup\rollup-android-arm64
708 silly reify mark deleted [
708 silly reify   'C:\\Users\\anmol\\OneDrive\\Desktop\\Portfolio - Copy\\client\\node_modules\\@rollup\\rollup-android-arm64'
708 silly reify ]
709 verbose reify failed optional dependency C:\Users\anmol\OneDrive\Desktop\Portfolio - Copy\client\node_modules\@rollup\rollup-android-arm-eabi
710 silly reify mark deleted [
710 silly reify   'C:\\Users\\anmol\\OneDrive\\Desktop\\Portfolio - Copy\\client\\node_modules\\@rollup\\rollup-android-arm-eabi'
710 silly reify ]
711 verbose reify failed optional dependency C:\Users\anmol\OneDrive\Desktop\Portfolio - Copy\client\node_modules\@esbuild\win32-ia32
712 silly reify mark deleted [
712 silly reify   'C:\\Users\\anmol\\OneDrive\\Desktop\\Portfolio - Copy\\client\\node_modules\\@esbuild\\win32-ia32'
712 silly reify ]
713 verbose reify failed optional dependency C:\Users\anmol\OneDrive\Desktop\Portfolio - Copy\client\node_modules\@esbuild\win32-arm64
714 silly reify mark deleted [
714 silly reify   'C:\\Users\\anmol\\OneDrive\\Desktop\\Portfolio - Copy\\client\\node_modules\\@esbuild\\win32-arm64'
714 silly reify ]
715 verbose reify failed optional dependency C:\Users\anmol\OneDrive\Desktop\Portfolio - Copy\client\node_modules\@esbuild\sunos-x64
716 silly reify mark deleted [
716 silly reify   'C:\\Users\\anmol\\OneDrive\\Desktop\\Portfolio - Copy\\client\\node_modules\\@esbuild\\sunos-x64'
716 silly reify ]
717 verbose reify failed optional dependency C:\Users\anmol\OneDrive\Desktop\Portfolio - Copy\client\node_modules\@esbuild\openharmony-arm64
718 silly reify mark deleted [
718 silly reify   'C:\\Users\\anmol\\OneDrive\\Desktop\\Portfolio - Copy\\client\\node_modules\\@esbuild\\openharmony-arm64'
718 silly reify ]
719 verbose reify failed optional dependency C:\Users\anmol\OneDrive\Desktop\Portfolio - Copy\client\node_modules\@esbuild\openbsd-x64
720 silly reify mark deleted [
720 silly reify   'C:\\Users\\anmol\\OneDrive\\Desktop\\Portfolio - Copy\\client\\node_modules\\@esbuild\\openbsd-x64'
720 silly reify ]
721 verbose reify failed optional dependency C:\Users\anmol\OneDrive\Desktop\Portfolio - Copy\client\node_modules\@esbuild\openbsd-arm64
722 silly reify mark deleted [
722 silly reify   'C:\\Users\\anmol\\OneDrive\\Desktop\\Portfolio - Copy\\client\\node_modules\\@esbuild\\openbsd-arm64'
722 silly reify ]
723 verbose reify failed optional dependency C:\Users\anmol\OneDrive\Desktop\Portfolio - Copy\client\node_modules\@esbuild\netbsd-x64
724 silly reify mark deleted [
724 silly reify   'C:\\Users\\anmol\\OneDrive\\Desktop\\Portfolio - Copy\\client\\node_modules\\@esbuild\\netbsd-x64'
724 silly reify ]
725 verbose reify failed optional dependency C:\Users\anmol\OneDrive\Desktop\Portfolio - Copy\client\node_modules\@esbuild\netbsd-arm64
726 silly reify mark deleted [
726 silly reify   'C:\\Users\\anmol\\OneDrive\\Desktop\\Portfolio - Copy\\client\\node_modules\\@esbuild\\netbsd-arm64'
726 silly reify ]
727 verbose reify failed optional dependency C:\Users\anmol\OneDrive\Desktop\Portfolio - Copy\client\node_modules\@esbuild\linux-x64
728 silly reify mark deleted [
728 silly reify   'C:\\Users\\anmol\\OneDrive\\Desktop\\Portfolio - Copy\\client\\node_modules\\@esbuild\\linux-x64'
728 silly reify ]
729 verbose reify failed optional dependency C:\Users\anmol\OneDrive\Desktop\Portfolio - Copy\client\node_modules\@esbuild\linux-s390x
730 silly reify mark deleted [
730 silly reify   'C:\\Users\\anmol\\OneDrive\\Desktop\\Portfolio - Copy\\client\\node_modules\\@esbuild\\linux-s390x'
730 silly reify ]
731 verbose reify failed optional dependency C:\Users\anmol\OneDrive\Desktop\Portfolio - Copy\client\node_modules\@esbuild\linux-riscv64
732 silly reify mark deleted [
732 silly reify   'C:\\Users\\anmol\\OneDrive\\Desktop\\Portfolio - Copy\\client\\node_modules\\@esbuild\\linux-riscv64'
732 silly reify ]
733 verbose reify failed optional dependency C:\Users\anmol\OneDrive\Desktop\Portfolio - Copy\client\node_modules\@esbuild\linux-ppc64
734 silly reify mark deleted [
734 silly reify   'C:\\Users\\anmol\\OneDrive\\Desktop\\Portfolio - Copy\\client\\node_modules\\@esbuild\\linux-ppc64'
734 silly reify ]
735 verbose reify failed optional dependency C:\Users\anmol\OneDrive\Desktop\Portfolio - Copy\client\node_modules\@esbuild\linux-mips64el
736 silly reify mark deleted [
736 silly reify   'C:\\Users\\anmol\\OneDrive\\Desktop\\Portfolio - Copy\\client\\node_modules\\@esbuild\\linux-mips64el'
736 silly reify ]
737 verbose reify failed optional dependency C:\Users\anmol\OneDrive\Desktop\Portfolio - Copy\client\node_modules\@esbuild\linux-loong64
738 silly reify mark deleted [
738 silly reify   'C:\\Users\\anmol\\OneDrive\\Desktop\\Portfolio - Copy\\client\\node_modules\\@esbuild\\linux-loong64'
738 silly reify ]
739 verbose reify failed optional dependency C:\Users\anmol\OneDrive\Desktop\Portfolio - Copy\client\node_modules\@esbuild\linux-ia32
740 silly reify mark deleted [
740 silly reify   'C:\\Users\\anmol\\OneDrive\\Desktop\\Portfolio - Copy\\client\\node_modules\\@esbuild\\linux-ia32'
740 silly reify ]
741 verbose reify failed optional dependency C:\Users\anmol\OneDrive\Desktop\Portfolio - Copy\client\node_modules\@esbuild\linux-arm64
742 silly reify mark deleted [
742 silly reify   'C:\\Users\\anmol\\OneDrive\\Desktop\\Portfolio - Copy\\client\\node_modules\\@esbuild\\linux-arm64'
742 silly reify ]
743 verbose reify failed optional dependency C:\Users\anmol\OneDrive\Desktop\Portfolio - Copy\client\node_modules\@esbuild\linux-arm
744 silly reify mark deleted [
744 silly reify   'C:\\Users\\anmol\\OneDrive\\Desktop\\Portfolio - Copy\\client\\node_modules\\@esbuild\\linux-arm'
744 silly reify ]
745 verbose reify failed optional dependency C:\Users\anmol\OneDrive\Desktop\Portfolio - Copy\client\node_modules\@esbuild\freebsd-x64
746 silly reify mark deleted [
746 silly reify   'C:\\Users\\anmol\\OneDrive\\Desktop\\Portfolio - Copy\\client\\node_modules\\@esbuild\\freebsd-x64'
746 silly reify ]
747 verbose reify failed optional dependency C:\Users\anmol\OneDrive\Desktop\Portfolio - Copy\client\node_modules\@esbuild\freebsd-arm64
748 silly reify mark deleted [
748 silly reify   'C:\\Users\\anmol\\OneDrive\\Desktop\\Portfolio - Copy\\client\\node_modules\\@esbuild\\freebsd-arm64'
748 silly reify ]
749 verbose reify failed optional dependency C:\Users\anmol\OneDrive\Desktop\Portfolio - Copy\client\node_modules\@esbuild\darwin-x64
750 silly reify mark deleted [
750 silly reify   'C:\\Users\\anmol\\OneDrive\\Desktop\\Portfolio - Copy\\client\\node_modules\\@esbuild\\darwin-x64'
750 silly reify ]
751 verbose reify failed optional dependency C:\Users\anmol\OneDrive\Desktop\Portfolio - Copy\client\node_modules\@esbuild\darwin-arm64
752 silly reify mark deleted [
752 silly reify   'C:\\Users\\anmol\\OneDrive\\Desktop\\Portfolio - Copy\\client\\node_modules\\@esbuild\\darwin-arm64'
752 silly reify ]
753 verbose reify failed optional dependency C:\Users\anmol\OneDrive\Desktop\Portfolio - Copy\client\node_modules\@esbuild\android-x64
754 silly reify mark deleted [
754 silly reify   'C:\\Users\\anmol\\OneDrive\\Desktop\\Portfolio - Copy\\client\\node_modules\\@esbuild\\android-x64'
754 silly reify ]
755 verbose reify failed optional dependency C:\Users\anmol\OneDrive\Desktop\Portfolio - Copy\client\node_modules\@esbuild\android-arm64
756 silly reify mark deleted [
756 silly reify   'C:\\Users\\anmol\\OneDrive\\Desktop\\Portfolio - Copy\\client\\node_modules\\@esbuild\\android-arm64'
756 silly reify ]
757 verbose reify failed optional dependency C:\Users\anmol\OneDrive\Desktop\Portfolio - Copy\client\node_modules\@esbuild\android-arm
758 silly reify mark deleted [
758 silly reify   'C:\\Users\\anmol\\OneDrive\\Desktop\\Portfolio - Copy\\client\\node_modules\\@esbuild\\android-arm'
758 silly reify ]
759 verbose reify failed optional dependency C:\Users\anmol\OneDrive\Desktop\Portfolio - Copy\client\node_modules\@esbuild\aix-ppc64
760 silly reify mark deleted [
760 silly reify   'C:\\Users\\anmol\\OneDrive\\Desktop\\Portfolio - Copy\\client\\node_modules\\@esbuild\\aix-ppc64'
760 silly reify ]
761 verbose reify failed optional dependency C:\Users\anmol\OneDrive\Desktop\Portfolio - Copy\client\node_modules\fsevents
762 silly reify mark deleted [
762 silly reify   'C:\\Users\\anmol\\OneDrive\\Desktop\\Portfolio - Copy\\client\\node_modules\\fsevents'
762 silly reify ]
763 http cache @types/estree@https://registry.npmjs.org/@types/estree/-/estree-1.0.8.tgz 0ms (cache hit)
764 http cache @rollup/rollup-win32-x64-msvc@https://registry.npmjs.org/@rollup/rollup-win32-x64-msvc/-/rollup-win32-x64-msvc-4.60.0.tgz 0ms (cache hit)
765 http cache @rollup/rollup-win32-x64-gnu@https://registry.npmjs.org/@rollup/rollup-win32-x64-gnu/-/rollup-win32-x64-gnu-4.60.0.tgz 0ms (cache hit)
766 http cache source-map-js@https://registry.npmjs.org/source-map-js/-/source-map-js-1.2.1.tgz 0ms (cache hit)
767 http cache nanoid@https://registry.npmjs.org/nanoid/-/nanoid-3.3.11.tgz 0ms (cache hit)
768 http cache @esbuild/win32-x64@https://registry.npmjs.org/@esbuild/win32-x64/-/win32-x64-0.25.12.tgz 0ms (cache hit)
769 http cache tinyglobby@https://registry.npmjs.org/tinyglobby/-/tinyglobby-0.2.15.tgz 0ms (cache hit)
770 http cache rollup@https://registry.npmjs.org/rollup/-/rollup-4.60.0.tgz 0ms (cache hit)
771 http cache postcss@https://registry.npmjs.org/postcss/-/postcss-8.5.8.tgz 0ms (cache hit)
772 http cache picomatch@https://registry.npmjs.org/picomatch/-/picomatch-4.0.3.tgz 0ms (cache hit)
773 http cache fdir@https://registry.npmjs.org/fdir/-/fdir-6.5.0.tgz 0ms (cache hit)
774 http cache escalade@https://registry.npmjs.org/escalade/-/escalade-3.2.0.tgz 0ms (cache hit)
775 http cache esbuild@https://registry.npmjs.org/esbuild/-/esbuild-0.25.12.tgz 0ms (cache hit)
776 http cache scheduler@https://registry.npmjs.org/scheduler/-/scheduler-0.27.0.tgz 0ms (cache hit)
777 http cache yallist@https://registry.npmjs.org/yallist/-/yallist-3.1.1.tgz 0ms (cache hit)
778 http cache ms@https://registry.npmjs.org/ms/-/ms-2.1.3.tgz 0ms (cache hit)
779 http cache update-browserslist-db@https://registry.npmjs.org/update-browserslist-db/-/update-browserslist-db-1.2.3.tgz 0ms (cache hit)
780 http cache electron-to-chromium@https://registry.npmjs.org/electron-to-chromium/-/electron-to-chromium-1.5.321.tgz 1ms (cache hit)
781 http cache node-releases@https://registry.npmjs.org/node-releases/-/node-releases-2.0.36.tgz 0ms (cache hit)
782 http cache caniuse-lite@https://registry.npmjs.org/caniuse-lite/-/caniuse-lite-1.0.30001780.tgz 0ms (cache hit)
783 http cache baseline-browser-mapping@https://registry.npmjs.org/baseline-browser-mapping/-/baseline-browser-mapping-2.10.10.tgz 0ms (cache hit)
784 http cache @types/babel__traverse@https://registry.npmjs.org/@types/babel__traverse/-/babel__traverse-7.28.0.tgz 0ms (cache hit)
785 http cache @types/babel__template@https://registry.npmjs.org/@types/babel__template/-/babel__template-7.4.4.tgz 0ms (cache hit)
786 http cache @types/babel__generator@https://registry.npmjs.org/@types/babel__generator/-/babel__generator-7.27.0.tgz 0ms (cache hit)
787 http cache @jridgewell/resolve-uri@https://registry.npmjs.org/@jridgewell/resolve-uri/-/resolve-uri-3.1.2.tgz 0ms (cache hit)
788 http cache @jridgewell/sourcemap-codec@https://registry.npmjs.org/@jridgewell/sourcemap-codec/-/sourcemap-codec-1.5.5.tgz 0ms (cache hit)
789 http cache @babel/helper-string-parser@https://registry.npmjs.org/@babel/helper-string-parser/-/helper-string-parser-7.27.1.tgz 0ms (cache hit)
790 http cache @babel/helper-globals@https://registry.npmjs.org/@babel/helper-globals/-/helper-globals-7.28.0.tgz 0ms (cache hit)
791 http cache @babel/helper-plugin-utils@https://registry.npmjs.org/@babel/helper-plugin-utils/-/helper-plugin-utils-7.28.6.tgz 2ms (cache hit)
792 http cache @babel/helper-module-imports@https://registry.npmjs.org/@babel/helper-module-imports/-/helper-module-imports-7.28.6.tgz 0ms (cache hit)
793 http cache lru-cache@https://registry.npmjs.org/lru-cache/-/lru-cache-5.1.1.tgz 0ms (cache hit)
794 http cache browserslist@https://registry.npmjs.org/browserslist/-/browserslist-4.28.1.tgz 0ms (cache hit)
795 http cache @babel/helper-validator-option@https://registry.npmjs.org/@babel/helper-validator-option/-/helper-validator-option-7.27.1.tgz 0ms (cache hit)
796 http cache @babel/compat-data@https://registry.npmjs.org/@babel/compat-data/-/compat-data-7.29.0.tgz 0ms (cache hit)
797 http cache jsesc@https://registry.npmjs.org/jsesc/-/jsesc-3.1.0.tgz 0ms (cache hit)
798 http cache @jridgewell/trace-mapping@https://registry.npmjs.org/@jridgewell/trace-mapping/-/trace-mapping-0.3.31.tgz 0ms (cache hit)
799 http cache @jridgewell/gen-mapping@https://registry.npmjs.org/@jridgewell/gen-mapping/-/gen-mapping-0.3.13.tgz 0ms (cache hit)
800 http cache picocolors@https://registry.npmjs.org/picocolors/-/picocolors-1.1.1.tgz 1ms (cache hit)
801 http cache js-tokens@https://registry.npmjs.org/js-tokens/-/js-tokens-4.0.0.tgz 0ms (cache hit)
802 http cache @babel/helper-validator-identifier@https://registry.npmjs.org/@babel/helper-validator-identifier/-/helper-validator-identifier-7.28.5.tgz 0ms (cache hit)
803 http cache semver@https://registry.npmjs.org/semver/-/semver-6.3.1.tgz 1ms (cache hit)
804 http cache json5@https://registry.npmjs.org/json5/-/json5-2.2.3.tgz 1ms (cache hit)
805 http cache debug@https://registry.npmjs.org/debug/-/debug-4.4.3.tgz 0ms (cache hit)
806 http cache gensync@https://registry.npmjs.org/gensync/-/gensync-1.0.0-beta.2.tgz 0ms (cache hit)
807 http cache convert-source-map@https://registry.npmjs.org/convert-source-map/-/convert-source-map-2.0.0.tgz 0ms (cache hit)
808 http cache @jridgewell/remapping@https://registry.npmjs.org/@jridgewell/remapping/-/remapping-2.3.5.tgz 0ms (cache hit)
809 http cache @babel/types@https://registry.npmjs.org/@babel/types/-/types-7.29.0.tgz 0ms (cache hit)
810 http cache @babel/traverse@https://registry.npmjs.org/@babel/traverse/-/traverse-7.29.0.tgz 0ms (cache hit)
811 http cache @babel/template@https://registry.npmjs.org/@babel/template/-/template-7.28.6.tgz 0ms (cache hit)
812 http cache @babel/parser@https://registry.npmjs.org/@babel/parser/-/parser-7.29.2.tgz 0ms (cache hit)
813 http cache @babel/helpers@https://registry.npmjs.org/@babel/helpers/-/helpers-7.29.2.tgz 0ms (cache hit)
814 http cache @babel/helper-module-transforms@https://registry.npmjs.org/@babel/helper-module-transforms/-/helper-module-transforms-7.28.6.tgz 0ms (cache hit)
815 http cache @babel/helper-compilation-targets@https://registry.npmjs.org/@babel/helper-compilation-targets/-/helper-compilation-targets-7.28.6.tgz 0ms (cache hit)
816 http cache @babel/generator@https://registry.npmjs.org/@babel/generator/-/generator-7.29.1.tgz 0ms (cache hit)
817 http cache react-refresh@https://registry.npmjs.org/react-refresh/-/react-refresh-0.17.0.tgz 0ms (cache hit)
818 http cache @types/babel__core@https://registry.npmjs.org/@types/babel__core/-/babel__core-7.20.5.tgz 0ms (cache hit)
819 http cache @babel/code-frame@https://registry.npmjs.org/@babel/code-frame/-/code-frame-7.29.0.tgz 0ms (cache hit)
820 http cache @rolldown/pluginutils@https://registry.npmjs.org/@rolldown/pluginutils/-/pluginutils-1.0.0-beta.27.tgz 0ms (cache hit)
821 http cache @babel/plugin-transform-react-jsx-source@https://registry.npmjs.org/@babel/plugin-transform-react-jsx-source/-/plugin-transform-react-jsx-source-7.27.1.tgz 0ms (cache hit)
822 http cache @babel/plugin-transform-react-jsx-self@https://registry.npmjs.org/@babel/plugin-transform-react-jsx-self/-/plugin-transform-react-jsx-self-7.27.1.tgz 0ms (cache hit)
823 http cache @babel/core@https://registry.npmjs.org/@babel/core/-/core-7.29.0.tgz 0ms (cache hit)
824 http cache react-icons@https://registry.npmjs.org/react-icons/-/react-icons-5.6.0.tgz 0ms (cache hit)
825 http cache react-dom@https://registry.npmjs.org/react-dom/-/react-dom-19.2.4.tgz 0ms (cache hit)
826 http cache react@https://registry.npmjs.org/react/-/react-19.2.4.tgz 0ms (cache hit)
827 http cache vite@https://registry.npmjs.org/vite/-/vite-6.4.1.tgz 0ms (cache hit)
828 http cache @vitejs/plugin-react@https://registry.npmjs.org/@vitejs/plugin-react/-/plugin-react-4.7.0.tgz 0ms (cache hit)
829 http fetch POST 200 https://registry.npmjs.org/-/npm/v1/security/advisories/bulk 3121ms
830 silly audit report {}
831 info run esbuild@0.25.12 postinstall node_modules/esbuild node install.js
832 info run esbuild@0.25.12 postinstall { code: 0, signal: null }
833 silly ADD node_modules/@types/estree
834 silly ADD node_modules/@rollup/rollup-win32-x64-msvc
835 silly ADD node_modules/@rollup/rollup-win32-x64-gnu
836 silly ADD
837 silly ADD
838 silly ADD
839 silly ADD
840 silly ADD
841 silly ADD
842 silly ADD
843 silly ADD
844 silly ADD
845 silly ADD
846 silly ADD
847 silly ADD
848 silly ADD
849 silly ADD
850 silly ADD
851 silly ADD
852 silly ADD
853 silly ADD
854 silly ADD
855 silly ADD
856 silly ADD
857 silly ADD
858 silly ADD
859 silly ADD node_modules/source-map-js
860 silly ADD node_modules/nanoid
861 silly ADD node_modules/@esbuild/win32-x64
862 silly ADD
863 silly ADD
864 silly ADD
865 silly ADD
866 silly ADD
867 silly ADD
868 silly ADD
869 silly ADD
870 silly ADD
871 silly ADD
872 silly ADD
873 silly ADD
874 silly ADD
875 silly ADD
876 silly ADD
877 silly ADD
878 silly ADD
879 silly ADD
880 silly ADD
881 silly ADD
882 silly ADD
883 silly ADD
884 silly ADD
885 silly ADD
886 silly ADD
887 silly ADD node_modules/tinyglobby
888 silly ADD node_modules/rollup
889 silly ADD node_modules/postcss
890 silly ADD node_modules/picomatch
891 silly ADD
892 silly ADD node_modules/fdir
893 silly ADD node_modules/esbuild
894 silly ADD node_modules/escalade
895 silly ADD node_modules/scheduler
896 silly ADD node_modules/yallist
897 silly ADD node_modules/ms
898 silly ADD node_modules/update-browserslist-db
899 silly ADD node_modules/node-releases
900 silly ADD node_modules/electron-to-chromium
901 silly ADD node_modules/caniuse-lite
902 silly ADD node_modules/baseline-browser-mapping
903 silly ADD node_modules/@types/babel__traverse
904 silly ADD node_modules/@types/babel__template
905 silly ADD node_modules/@types/babel__generator
906 silly ADD node_modules/@jridgewell/resolve-uri
907 silly ADD node_modules/@jridgewell/sourcemap-codec
908 silly ADD node_modules/@babel/helper-string-parser
909 silly ADD node_modules/@babel/helper-globals
910 silly ADD node_modules/@babel/helper-plugin-utils
911 silly ADD node_modules/@babel/helper-module-imports
912 silly ADD node_modules/lru-cache
913 silly ADD node_modules/browserslist
914 silly ADD node_modules/@babel/helper-validator-option
915 silly ADD node_modules/@babel/compat-data
916 silly ADD node_modules/jsesc
917 silly ADD node_modules/@jridgewell/trace-mapping
918 silly ADD node_modules/@jridgewell/gen-mapping
919 silly ADD node_modules/picocolors
920 silly ADD node_modules/js-tokens
921 silly ADD node_modules/@babel/helper-validator-identifier
922 silly ADD node_modules/semver
923 silly ADD node_modules/json5
924 silly ADD node_modules/gensync
925 silly ADD node_modules/debug
926 silly ADD node_modules/convert-source-map
927 silly ADD node_modules/@jridgewell/remapping
928 silly ADD node_modules/@babel/types
929 silly ADD node_modules/@babel/traverse
930 silly ADD node_modules/@babel/template
931 silly ADD node_modules/@babel/parser
932 silly ADD node_modules/@babel/helpers
933 silly ADD node_modules/@babel/helper-module-transforms
934 silly ADD node_modules/@babel/helper-compilation-targets
935 silly ADD node_modules/@babel/generator
936 silly ADD node_modules/@babel/code-frame
937 silly ADD node_modules/react-refresh
938 silly ADD node_modules/@types/babel__core
939 silly ADD node_modules/@rolldown/pluginutils
940 silly ADD node_modules/@babel/plugin-transform-react-jsx-source
941 silly ADD node_modules/@babel/plugin-transform-react-jsx-self
942 silly ADD node_modules/@babel/core
943 silly ADD node_modules/react-icons
944 silly ADD node_modules/react-dom
945 silly ADD node_modules/react
946 silly ADD node_modules/vite
947 silly ADD node_modules/@vitejs/plugin-react
948 verbose cwd C:\Users\anmol\OneDrive\Desktop\Portfolio - Copy\client
949 verbose os Windows_NT 10.0.26200
950 verbose node v22.18.0
951 verbose npm  v10.9.3
952 verbose exit 0
953 info ok
